<?xml version="1.0" encoding="UTF-8"?>
<testsuite xmlns:xsi="http://www.w3.org/2001/XMLSchema-instance" xsi:noNamespaceSchemaLocation="https://maven.apache.org/surefire/maven-surefire-plugin/xsd/surefire-test-report.xsd" version="3.0.2" name="com.sinapipro.api.analytics.EarnedValueServiceTest" time="0.309" tests="5" errors="0" skipped="0" failures="0" flakes="0">
  <properties>
[...]
</properties>
  <testcase name="shouldReturnEmptyWhenNoActivities" classname="com.sinapipro.api.analytics.EarnedValueServiceTest" time="0.181"/>
  <testcase name="shouldCalculateCpiGreaterThanOneWhenUnderBudget" classname="com.sinapipro.api.analytics.EarnedValueServiceTest" time="0.089"/>
  <testcase name="shouldCalculateSpi" classname="com.sinapipro.api.analytics.EarnedValueServiceTest" time="0.017"/>
  <testcase name="shouldCalculateCpiLessThanOneWhenOverBudget" classname="com.sinapipro.api.analytics.EarnedValueServiceTest" time="0.008"/>
  <testcase name="shouldCalculateEacAndVac" classname="com.sinapipro.api.analytics.EarnedValueServiceTest" time="0.006"/>
</testsuite>