<?xml version="1.0" encoding="UTF-8"?>
<testsuite xmlns:xsi="http://www.w3.org/2001/XMLSchema-instance" xsi:noNamespaceSchemaLocation="https://maven.apache.org/surefire/maven-surefire-plugin/xsd/surefire-test-report.xsd" version="3.0.2" name="com.sinapipro.api.budget.BudgetControllerIntegrationTest" time="4.047" tests="4" errors="4" skipped="0" failures="0" flakes="0">
  <properties>
[...]
</properties>
  <testcase name="shouldReturn401WithoutToken" classname="GET /api/v1/budgets" time="0.002">
    <error message="Failed to load ApplicationContext for [WebMergedContextConfiguration@490b916c testClass = com.sinapipro.api.budget.BudgetControllerIntegrationTest.ListBudgets, locations = [], classes = [com.sinapipro.api.SinapiProApiApplication], contextInitializerClasses = [], activeProfiles = [&quot;test&quot;], propertySourceDescriptors = [], propertySourceProperties = [&quot;org.springframework.boot.test.context.SpringBootTestContextBootstrapper=true&quot;, &quot;server.port=0&quot;], contextCustomizers = [org.springframework.boot.web.server.context.SpringBootTestRandomPortContextCustomizer@5776a9f8, org.springframework.boot.testcontainers.service.connection.ServiceConnectionContextCustomizer@0, org.springframework.test.context.support.DynamicPropertiesContextCustomizer@0, [ImportsContextCustomizer@c9b6fcf key = [com.sinapipro.api.TestcontainersConfiguration]], org.springframework.boot.test.context.PropertyMappingContextCustomizer@0, org.springframework.boot.test.context.filter.ExcludeFilterContextCustomizer@4bd39edc, org.springframework.boot.test.http.client.DisableReactorResourceFactoryGlobalResourcesContextCustomizerFactory$DisableReactorResourceFactoryGlobalResourcesContextCustomizerCustomizer@7b6b8cea, org.springframework.boot.test.json.DuplicateJsonObjectContextCustomizerFactory$DuplicateJsonObjectContextCustomizer@4a7427f9, org.springframework.boot.test.autoconfigure.OnFailureConditionReportContextCustomizerFactory$OnFailureConditionReportContextCustomizer@2d26c6a2, org.springframework.boot.test.context.SpringBootTestAnnotation@65425fe8], resourceBasePath = &quot;src/main/webapp&quot;, contextLoader = org.springframework.boot.test.context.SpringBootContextLoader, parent = null]" type="java.lang.IllegalStateException"><![CDATA[java.lang.IllegalStateException: Failed to load ApplicationContext for [WebMergedContextConfiguration@490b916c testClass = com.sinapipro.api.budget.BudgetControllerIntegrationTest.ListBudgets, locations = [], classes = [com.sinapipro.api.SinapiProApiApplication], contextInitializerClasses = [], activeProfiles = ["test"], propertySourceDescriptors = [], propertySourceProperties = ["org.springframework.boot.test.context.SpringBootTestContextBootstrapper=true", "server.port=0"], contextCustomizers = [org.springframework.boot.web.server.context.SpringBootTestRandomPortContextCustomizer@5776a9f8, org.springframework.boot.testcontainers.service.connection.ServiceConnectionContextCustomizer@0, org.springframework.test.context.support.DynamicPropertiesContextCustomizer@0, [ImportsContextCustomizer@c9b6fcf key = [com.sinapipro.api.TestcontainersConfiguration]], org.springframework.boot.test.context.PropertyMappingContextCustomizer@0, org.springframework.boot.test.context.filter.ExcludeFilterContextCustomizer@4bd39edc, org.springframework.boot.test.http.client.DisableReactorResourceFactoryGlobalResourcesContextCustomizerFactory$DisableReactorResourceFactoryGlobalResourcesContextCustomizerCustomizer@7b6b8cea, org.springframework.boot.test.json.DuplicateJsonObjectContextCustomizerFactory$DuplicateJsonObjectContextCustomizer@4a7427f9, org.springframework.boot.test.autoconfigure.OnFailureConditionReportContextCustomizerFactory$OnFailureConditionReportContextCustomizer@2d26c6a2, org.springframework.boot.test.context.SpringBootTestAnnotation@65425fe8], resourceBasePath = "src/main/webapp", contextLoader = org.springframework.boot.test.context.SpringBootContextLoader, parent = null]
	at org.springframework.test.context.cache.DefaultCacheAwareContextLoaderDelegate.lambda$loadContext$0(DefaultCacheAwareContextLoaderDelegate.java:195)
	at org.springframework.test.context.cache.DefaultContextCache.put(DefaultContextCache.java:214)
	at org.springframework.test.context.cache.DefaultCacheAwareContextLoaderDelegate.loadContext(DefaultCacheAwareContextLoaderDelegate.java:160)
	at org.springframework.test.context.support.DefaultTestContext.getApplicationContext(DefaultTestContext.java:128)
	at org.springframework.test.context.support.DependencyInjectionTestExecutionListener.injectDependencies(DependencyInjectionTestExecutionListener.java:156)
	at org.springframework.test.context.support.DependencyInjectionTestExecutionListener.prepareTestInstance(DependencyInjectionTestExecutionListener.java:111)
	at org.springframework.test.context.TestContextManager.prepareTestInstance(TestContextManager.java:260)
	at org.springframework.test.context.junit.jupiter.SpringExtension.postProcessTestInstance(SpringExtension.java:210)
	at java.base/java.util.stream.ForEachOps$ForEachOp$OfRef.accept(ForEachOps.java:186)
	at java.base/java.util.stream.ReferencePipeline$3$1.accept(ReferencePipeline.java:214)
	at java.base/java.util.stream.ReferencePipeline$2$1.accept(ReferencePipeline.java:197)
	at java.base/java.util.stream.ReferencePipeline$3$1.accept(ReferencePipeline.java:214)
	at java.base/java.util.ArrayList$ArrayListSpliterator.forEachRemaining(ArrayList.java:1716)
	at java.base/java.util.stream.AbstractPipeline.copyInto(AbstractPipeline.java:570)
	at java.base/java.util.stream.AbstractPipeline.wrapAndCopyInto(AbstractPipeline.java:560)
	at java.base/java.util.stream.ForEachOps$ForEachOp.evaluateSequential(ForEachOps.java:153)
	at java.base/java.util.stream.ForEachOps$ForEachOp$OfRef.evaluateSequential(ForEachOps.java:176)
	at java.base/java.util.stream.AbstractPipeline.evaluate(AbstractPipeline.java:265)
	at java.base/java.util.stream.ReferencePipeline.forEach(ReferencePipeline.java:632)
	at java.base/java.util.Optional.orElseGet(Optional.java:364)
	at java.base/java.util.Optional.orElseGet(Optional.java:364)
	at java.base/java.util.ArrayList.forEach(ArrayList.java:1604)
	at java.base/java.util.ArrayList.forEach(ArrayList.java:1604)
	at java.base/java.util.ArrayList.forEach(ArrayList.java:1604)
	Suppressed: java.lang.IllegalStateException: ApplicationContext failure threshold (1) exceeded: skipping repeated attempt to load context for [WebMergedContextConfiguration@490b916c testClass = com.sinapipro.api.budget.BudgetControllerIntegrationTest.ListBudgets, locations = [], classes = [com.sinapipro.api.SinapiProApiApplication], contextInitializerClasses = [], activeProfiles = ["test"], propertySourceDescriptors = [], propertySourceProperties = ["org.springframework.boot.test.context.SpringBootTestContextBootstrapper=true", "server.port=0"], contextCustomizers = [org.springframework.boot.web.server.context.SpringBootTestRandomPortContextCustomizer@5776a9f8, org.springframework.boot.testcontainers.service.connection.ServiceConnectionContextCustomizer@0, org.springframework.test.context.support.DynamicPropertiesContextCustomizer@0, [ImportsContextCustomizer@c9b6fcf key = [com.sinapipro.api.TestcontainersConfiguration]], org.springframework.boot.test.context.PropertyMappingContextCustomizer@0, org.springframework.boot.test.context.filter.ExcludeFilterContextCustomizer@4bd39edc, org.springframework.boot.test.http.client.DisableReactorResourceFactoryGlobalResourcesContextCustomizerFactory$DisableReactorResourceFactoryGlobalResourcesContextCustomizerCustomizer@7b6b8cea, org.springframework.boot.test.json.DuplicateJsonObjectContextCustomizerFactory$DuplicateJsonObjectContextCustomizer@4a7427f9, org.springframework.boot.test.autoconfigure.OnFailureConditionReportContextCustomizerFactory$OnFailureConditionReportContextCustomizer@2d26c6a2, org.springframework.boot.test.context.SpringBootTestAnnotation@65425fe8], resourceBasePath = "src/main/webapp", contextLoader = org.springframework.boot.test.context.SpringBootContextLoader, parent = null]
		at org.springframework.test.context.cache.DefaultCacheAwareContextLoaderDelegate.loadContext(DefaultCacheAwareContextLoaderDelegate.java:157)
		at org.springframework.test.context.support.DefaultTestContext.getApplicationContext(DefaultTestContext.java:128)
		at org.springframework.test.context.support.DependencyInjectionTestExecutionListener.injectDependencies(DependencyInjectionTestExecutionListener.java:156)
		at org.springframework.test.context.support.DependencyInjectionTestExecutionListener.prepareTestInstance(DependencyInjectionTestExecutionListener.java:111)
		at org.springframework.test.context.TestContextManager.prepareTestInstance(TestContextManager.java:260)
		at org.springframework.test.context.junit.jupiter.SpringExtension.postProcessTestInstance(SpringExtension.java:210)
		at java.base/java.util.stream.ForEachOps$ForEachOp$OfRef.accept(ForEachOps.java:186)
		at java.base/java.util.stream.ReferencePipeline$3$1.accept(ReferencePipeline.java:214)
		at java.base/java.util.stream.ReferencePipeline$2$1.accept(ReferencePipeline.java:197)
		at java.base/java.util.stream.ReferencePipeline$3$1.accept(ReferencePipeline.java:214)
		at java.base/java.util.ArrayList$ArrayListSpliterator.forEachRemaining(ArrayList.java:1716)
		at java.base/java.util.stream.AbstractPipeline.copyInto(AbstractPipeline.java:570)
		at java.base/java.util.stream.AbstractPipeline.wrapAndCopyInto(AbstractPipeline.java:560)
		at java.base/java.util.stream.ForEachOps$ForEachOp.evaluateSequential(ForEachOps.java:153)
		at java.base/java.util.stream.ForEachOps$ForEachOp$OfRef.evaluateSequential(ForEachOps.java:176)
		at java.base/java.util.stream.AbstractPipeline.evaluate(AbstractPipeline.java:265)
		at java.base/java.util.stream.ReferencePipeline.forEach(ReferencePipeline.java:632)
		... 4 more
Caused by: org.springframework.beans.factory.BeanCreationException: Error creating bean with name 'entityManagerFactory' defined in class path resource [org/springframework/boot/hibernate/autoconfigure/HibernateJpaConfiguration.class]: Failed to initialize dependency 'dataSourceScriptDatabaseInitializer' of LoadTimeWeaverAware bean 'entityManagerFactory': Error creating bean with name 'dataSourceScriptDatabaseInitializer' defined in class path resource [org/springframework/boot/jdbc/autoconfigure/DataSourceInitializationAutoConfiguration.class]: Unsatisfied dependency expressed through method 'dataSourceScriptDatabaseInitializer' parameter 0: Error creating bean with name 'dataSource' defined in class path resource [org/springframework/boot/jdbc/autoconfigure/DataSourceConfiguration$Hikari.class]: Unsatisfied dependency expressed through method 'dataSource' parameter 1: Error creating bean with name 'jdbcContainerConnectionDetailsForPostgresContainer': Error creating bean with name 'postgresContainer' defined in class path resource [com/sinapipro/api/TestcontainersConfiguration.class]: Could not find a valid Docker environment. Please see logs and check configuration
	at org.springframework.beans.factory.support.AbstractBeanFactory.doGetBean(AbstractBeanFactory.java:322)
	at org.springframework.beans.factory.support.AbstractBeanFactory.getBean(AbstractBeanFactory.java:201)
	at org.springframework.context.support.AbstractApplicationContext.finishBeanFactoryInitialization(AbstractApplicationContext.java:977)
	at org.springframework.context.support.AbstractApplicationContext.refresh(AbstractApplicationContext.java:621)
	at org.springframework.boot.web.server.servlet.context.ServletWebServerApplicationContext.refresh(ServletWebServerApplicationContext.java:143)
	at org.springframework.boot.SpringApplication.refresh(SpringApplication.java:756)
	at org.springframework.boot.SpringApplication.refreshContext(SpringApplication.java:445)
	at org.springframework.boot.SpringApplication.run(SpringApplication.java:321)
	at org.springframework.boot.test.context.SpringBootContextLoader.lambda$loadContext$2(SpringBootContextLoader.java:155)
	at org.springframework.util.function.ThrowingSupplier.get(ThrowingSupplier.java:58)
	at org.springframework.util.function.ThrowingSupplier.get(ThrowingSupplier.java:46)
	at org.springframework.boot.SpringApplication.withHook(SpringApplication.java:1465)
	at org.springframework.boot.test.context.SpringBootContextLoader$ContextLoaderHook.run(SpringBootContextLoader.java:600)
	at org.springframework.boot.test.context.SpringBootContextLoader.loadContext(SpringBootContextLoader.java:155)
	at org.springframework.boot.test.context.SpringBootContextLoader.loadContext(SpringBootContextLoader.java:114)
	at org.springframework.test.context.cache.DefaultCacheAwareContextLoaderDelegate.loadContextInternal(DefaultCacheAwareContextLoaderDelegate.java:247)
	at org.springframework.test.context.cache.DefaultCacheAwareContextLoaderDelegate.lambda$loadContext$0(DefaultCacheAwareContextLoaderDelegate.java:167)
	... 23 more
Caused by: org.springframework.beans.factory.UnsatisfiedDependencyException: Error creating bean with name 'dataSourceScriptDatabaseInitializer' defined in class path resource [org/springframework/boot/jdbc/autoconfigure/DataSourceInitializationAutoConfiguration.class]: Unsatisfied dependency expressed through method 'dataSourceScriptDatabaseInitializer' parameter 0: Error creating bean with name 'dataSource' defined in class path resource [org/springframework/boot/jdbc/autoconfigure/DataSourceConfiguration$Hikari.class]: Unsatisfied dependency expressed through method 'dataSource' parameter 1: Error creating bean with name 'jdbcContainerConnectionDetailsForPostgresContainer': Error creating bean with name 'postgresContainer' defined in class path resource [com/sinapipro/api/TestcontainersConfiguration.class]: Could not find a valid Docker environment. Please see logs and check configuration
	at org.springframework.beans.factory.support.ConstructorResolver.createArgumentArray(ConstructorResolver.java:804)
	at org.springframework.beans.factory.support.ConstructorResolver.instantiateUsingFactoryMethod(ConstructorResolver.java:546)
	at org.springframework.beans.factory.support.AbstractAutowireCapableBeanFactory.instantiateUsingFactoryMethod(AbstractAutowireCapableBeanFactory.java:1362)
	at org.springframework.beans.factory.support.AbstractAutowireCapableBeanFactory.createBeanInstance(AbstractAutowireCapableBeanFactory.java:1194)
	at org.springframework.beans.factory.support.AbstractAutowireCapableBeanFactory.doCreateBean(AbstractAutowireCapableBeanFactory.java:565)
	at org.springframework.beans.factory.support.AbstractAutowireCapableBeanFactory.createBean(AbstractAutowireCapableBeanFactory.java:525)
	at org.springframework.beans.factory.support.AbstractBeanFactory.lambda$doGetBean$0(AbstractBeanFactory.java:333)
	at org.springframework.beans.factory.support.DefaultSingletonBeanRegistry.getSingleton(DefaultSingletonBeanRegistry.java:371)
	at org.springframework.beans.factory.support.AbstractBeanFactory.doGetBean(AbstractBeanFactory.java:331)
	at org.springframework.beans.factory.support.AbstractBeanFactory.getBean(AbstractBeanFactory.java:196)
	at org.springframework.beans.factory.support.AbstractBeanFactory.doGetBean(AbstractBeanFactory.java:309)
	... 39 more
Caused by: org.springframework.beans.factory.UnsatisfiedDependencyException: Error creating bean with name 'dataSource' defined in class path resource [org/springframework/boot/jdbc/autoconfigure/DataSourceConfiguration$Hikari.class]: Unsatisfied dependency expressed through method 'dataSource' parameter 1: Error creating bean with name 'jdbcContainerConnectionDetailsForPostgresContainer': Error creating bean with name 'postgresContainer' defined in class path resource [com/sinapipro/api/TestcontainersConfiguration.class]: Could not find a valid Docker environment. Please see logs and check configuration
	at org.springframework.beans.factory.support.ConstructorResolver.createArgumentArray(ConstructorResolver.java:804)
	at org.springframework.beans.factory.support.ConstructorResolver.instantiateUsingFactoryMethod(ConstructorResolver.java:546)
	at org.springframework.beans.factory.support.AbstractAutowireCapableBeanFactory.instantiateUsingFactoryMethod(AbstractAutowireCapableBeanFactory.java:1362)
	at org.springframework.beans.factory.support.AbstractAutowireCapableBeanFactory.createBeanInstance(AbstractAutowireCapableBeanFactory.java:1194)
	at org.springframework.beans.factory.support.AbstractAutowireCapableBeanFactory.doCreateBean(AbstractAutowireCapableBeanFactory.java:565)
	at org.springframework.beans.factory.support.AbstractAutowireCapableBeanFactory.createBean(AbstractAutowireCapableBeanFactory.java:525)
	at org.springframework.beans.factory.support.AbstractBeanFactory.lambda$doGetBean$0(AbstractBeanFactory.java:333)
	at org.springframework.beans.factory.support.DefaultSingletonBeanRegistry.getSingleton(DefaultSingletonBeanRegistry.java:371)
	at org.springframework.beans.factory.support.AbstractBeanFactory.doGetBean(AbstractBeanFactory.java:331)
	at org.springframework.beans.factory.support.AbstractBeanFactory.getBean(AbstractBeanFactory.java:201)
	at org.springframework.beans.factory.support.DefaultListableBeanFactory.resolveBean(DefaultListableBeanFactory.java:1225)
	at org.springframework.beans.factory.support.DefaultListableBeanFactory.doResolveDependency(DefaultListableBeanFactory.java:1704)
	at org.springframework.beans.factory.support.DefaultListableBeanFactory.resolveDependency(DefaultListableBeanFactory.java:1651)
	at org.springframework.beans.factory.support.ConstructorResolver.resolveAutowiredArgument(ConstructorResolver.java:912)
	at org.springframework.beans.factory.support.ConstructorResolver.createArgumentArray(ConstructorResolver.java:791)
	... 49 more
Caused by: org.springframework.beans.factory.BeanCreationException: Error creating bean with name 'jdbcContainerConnectionDetailsForPostgresContainer': Error creating bean with name 'postgresContainer' defined in class path resource [com/sinapipro/api/TestcontainersConfiguration.class]: Could not find a valid Docker environment. Please see logs and check configuration
	at org.springframework.beans.factory.support.AbstractAutowireCapableBeanFactory.initializeBean(AbstractAutowireCapableBeanFactory.java:1817)
	at org.springframework.beans.factory.support.AbstractAutowireCapableBeanFactory.doCreateBean(AbstractAutowireCapableBeanFactory.java:603)
	at org.springframework.beans.factory.support.AbstractAutowireCapableBeanFactory.createBean(AbstractAutowireCapableBeanFactory.java:525)
	at org.springframework.beans.factory.support.AbstractBeanFactory.lambda$doGetBean$0(AbstractBeanFactory.java:333)
	at org.springframework.beans.factory.support.DefaultSingletonBeanRegistry.getSingleton(DefaultSingletonBeanRegistry.java:371)
	at org.springframework.beans.factory.support.AbstractBeanFactory.doGetBean(AbstractBeanFactory.java:331)
	at org.springframework.beans.factory.support.AbstractBeanFactory.getBean(AbstractBeanFactory.java:201)
	at org.springframework.beans.factory.config.DependencyDescriptor.resolveCandidate(DependencyDescriptor.java:229)
	at org.springframework.beans.factory.support.DefaultListableBeanFactory.doResolveDependency(DefaultListableBeanFactory.java:1762)
	at org.springframework.beans.factory.support.DefaultListableBeanFactory.resolveDependency(DefaultListableBeanFactory.java:1651)
	at org.springframework.beans.factory.support.ConstructorResolver.resolveAutowiredArgument(ConstructorResolver.java:912)
	at org.springframework.beans.factory.support.ConstructorResolver.createArgumentArray(ConstructorResolver.java:791)
	... 63 more
Caused by: org.springframework.beans.factory.BeanCreationException: Error creating bean with name 'postgresContainer' defined in class path resource [com/sinapipro/api/TestcontainersConfiguration.class]: Could not find a valid Docker environment. Please see logs and check configuration
	at org.springframework.beans.factory.support.AbstractAutowireCapableBeanFactory.doCreateBean(AbstractAutowireCapableBeanFactory.java:610)
	at org.springframework.beans.factory.support.AbstractAutowireCapableBeanFactory.createBean(AbstractAutowireCapableBeanFactory.java:525)
	at org.springframework.beans.factory.support.AbstractBeanFactory.lambda$doGetBean$0(AbstractBeanFactory.java:333)
	at org.springframework.beans.factory.support.DefaultSingletonBeanRegistry.getSingleton(DefaultSingletonBeanRegistry.java:371)
	at org.springframework.beans.factory.support.AbstractBeanFactory.doGetBean(AbstractBeanFactory.java:331)
	at org.springframework.beans.factory.support.AbstractBeanFactory.getBean(AbstractBeanFactory.java:201)
	at org.springframework.boot.testcontainers.service.connection.ServiceConnectionAutoConfigurationRegistrar.lambda$createSource$0(ServiceConnectionAutoConfigurationRegistrar.java:107)
	at org.springframework.boot.testcontainers.service.connection.ContainerConnectionDetailsFactory$ContainerConnectionDetails.afterPropertiesSet(ContainerConnectionDetailsFactory.java:187)
	at org.springframework.beans.factory.support.AbstractAutowireCapableBeanFactory.invokeInitMethods(AbstractAutowireCapableBeanFactory.java:1864)
	at org.springframework.beans.factory.support.AbstractAutowireCapableBeanFactory.initializeBean(AbstractAutowireCapableBeanFactory.java:1813)
	... 74 more
Caused by: java.lang.IllegalStateException: Could not find a valid Docker environment. Please see logs and check configuration
	at org.testcontainers.dockerclient.DockerClientProviderStrategy.lambda$getFirstValidStrategy$7(DockerClientProviderStrategy.java:274)
	at java.base/java.util.Optional.orElseThrow(Optional.java:403)
	at org.testcontainers.dockerclient.DockerClientProviderStrategy.getFirstValidStrategy(DockerClientProviderStrategy.java:265)
	at org.testcontainers.DockerClientFactory.getOrInitializeStrategy(DockerClientFactory.java:154)
	at org.testcontainers.DockerClientFactory.client(DockerClientFactory.java:196)
	at org.testcontainers.DockerClientFactory$1.getDockerClient(DockerClientFactory.java:108)
	at com.github.dockerjava.api.DockerClientDelegate.authConfig(DockerClientDelegate.java:109)
	at org.testcontainers.containers.GenericContainer.start(GenericContainer.java:321)
	at org.springframework.boot.testcontainers.lifecycle.TestcontainersStartup.start(TestcontainersStartup.java:109)
	at java.base/java.lang.Iterable.forEach(Iterable.java:75)
	at org.springframework.boot.testcontainers.lifecycle.TestcontainersStartup$1.start(TestcontainersStartup.java:50)
	at org.springframework.boot.testcontainers.lifecycle.TestcontainersLifecycleBeanPostProcessor.start(TestcontainersLifecycleBeanPostProcessor.java:127)
	at org.springframework.boot.testcontainers.lifecycle.TestcontainersLifecycleBeanPostProcessor.initializeStartables(TestcontainersLifecycleBeanPostProcessor.java:115)
	at org.springframework.boot.testcontainers.lifecycle.TestcontainersLifecycleBeanPostProcessor.postProcessAfterInitialization(TestcontainersLifecycleBeanPostProcessor.java:88)
	at org.springframework.beans.factory.support.AbstractAutowireCapableBeanFactory.applyBeanPostProcessorsAfterInitialization(AbstractAutowireCapableBeanFactory.java:442)
	at org.springframework.beans.factory.support.AbstractAutowireCapableBeanFactory.initializeBean(AbstractAutowireCapableBeanFactory.java:1820)
	at org.springframework.beans.factory.support.AbstractAutowireCapableBeanFactory.doCreateBean(AbstractAutowireCapableBeanFactory.java:603)
	... 83 more
]]></error>
    <system-out><![CDATA[19:54:19.225 [main] INFO org.springframework.test.context.support.AnnotationConfigContextLoaderUtils -- Could not detect default configuration classes for test class [com.sinapipro.api.budget.BudgetControllerIntegrationTest]: BudgetControllerIntegrationTest does not declare any static, non-private, non-final, nested classes annotated with @Configuration.
19:54:19.403 [main] INFO org.springframework.boot.test.context.SpringBootTestContextBootstrapper -- Found @SpringBootConfiguration com.sinapipro.api.SinapiProApiApplication for test class com.sinapipro.api.budget.BudgetControllerIntegrationTest
19:54:19.514 [main] INFO org.springframework.test.context.support.AnnotationConfigContextLoaderUtils -- Could not detect default configuration classes for test class [com.sinapipro.api.budget.BudgetControllerIntegrationTest]: BudgetControllerIntegrationTest does not declare any static, non-private, non-final, nested classes annotated with @Configuration.
19:54:19.516 [main] INFO org.springframework.boot.test.context.SpringBootTestContextBootstrapper -- Found @SpringBootConfiguration com.sinapipro.api.SinapiProApiApplication for test class com.sinapipro.api.budget.BudgetControllerIntegrationTest
19:54:19.549 [main] INFO org.springframework.test.context.support.AnnotationConfigContextLoaderUtils -- Could not detect default configuration classes for test class [com.sinapipro.api.budget.BudgetControllerIntegrationTest$ListBudgets]: ListBudgets does not declare any static, non-private, non-final, nested classes annotated with @Configuration.
19:54:19.552 [main] INFO org.springframework.boot.test.context.SpringBootTestContextBootstrapper -- Found @SpringBootConfiguration com.sinapipro.api.SinapiProApiApplication for test class com.sinapipro.api.budget.BudgetControllerIntegrationTest$ListBudgets
19:54:19.553 [main] INFO org.springframework.test.context.support.AnnotationConfigContextLoaderUtils -- Could not detect default configuration classes for test class [com.sinapipro.api.budget.BudgetControllerIntegrationTest$ListBudgets]: ListBudgets does not declare any static, non-private, non-final, nested classes annotated with @Configuration.
19:54:19.554 [main] INFO org.springframework.test.context.support.AnnotationConfigContextLoaderUtils -- Could not detect default configuration classes for test class [com.sinapipro.api.budget.BudgetControllerIntegrationTest]: BudgetControllerIntegrationTest does not declare any static, non-private, non-final, nested classes annotated with @Configuration.
19:54:19.556 [main] INFO org.springframework.boot.test.context.SpringBootTestContextBootstrapper -- Found @SpringBootConfiguration com.sinapipro.api.SinapiProApiApplication for test class com.sinapipro.api.budget.BudgetControllerIntegrationTest$ListBudgets
{"@timestamp":"2026-05-08T22:54:19.995087627Z","log":{"level":"INFO","logger":"com.sinapipro.api.budget.BudgetControllerIntegrationTest$ListBudgets"},"process":{"pid":72942,"thread":{"name":"main"}},"service":{"name":"sinapipro-api","node":{}},"message":"Starting BudgetControllerIntegrationTest.ListBudgets using Java 25.0.3 with PID 72942 (started by user-sn-387444 in /home/user-sn-387444/Documentos/code/java/sinapiPRO/api)","tags":["COMMONS-LOGGING"],"ecs":{"version":"8.11"}}
{"@timestamp":"2026-05-08T22:54:20.005565160Z","log":{"level":"INFO","logger":"com.sinapipro.api.budget.BudgetControllerIntegrationTest$ListBudgets"},"process":{"pid":72942,"thread":{"name":"main"}},"service":{"name":"sinapipro-api","node":{}},"message":"The following 1 profile is active: \"test\"","tags":["COMMONS-LOGGING"],"ecs":{"version":"8.11"}}
{"@timestamp":"2026-05-08T22:54:22.927895232Z","log":{"level":"ERROR","logger":"org.testcontainers.dockerclient.DockerClientProviderStrategy"},"process":{"pid":72942,"thread":{"name":"main"}},"service":{"name":"sinapipro-api","node":{}},"message":"Could not find a valid Docker environment. Please check configuration. Attempted configurations were:\n\tUnixSocketClientProviderStrategy: failed with exception BadRequestException (Status 400: {\"message\":\"client version 1.32 is too old. Minimum supported API version is 1.40, please upgrade your client to a newer version\"}\n)\n\tDockerDesktopClientProviderStrategy: failed with exception NullPointerException (Cannot invoke \"java.nio.file.Path.toString()\" because the return value of \"org.testcontainers.dockerclient.DockerDesktopClientProviderStrategy.getSocketPath()\" is null)As no valid configuration was found, execution cannot continue.\nSee https://java.testcontainers.org/on_failure.html for more details.","ecs":{"version":"8.11"}}
{"@timestamp":"2026-05-08T22:54:22.929341523Z","log":{"level":"WARN","logger":"org.springframework.boot.web.server.servlet.context.AnnotationConfigServletWebServerApplicationContext"},"process":{"pid":72942,"thread":{"name":"main"}},"service":{"name":"sinapipro-api","node":{}},"message":"Exception encountered during context initialization - cancelling refresh attempt: org.springframework.beans.factory.BeanCreationException: Error creating bean with name 'entityManagerFactory' defined in class path resource [org/springframework/boot/hibernate/autoconfigure/HibernateJpaConfiguration.class]: Failed to initialize dependency 'dataSourceScriptDatabaseInitializer' of LoadTimeWeaverAware bean 'entityManagerFactory': Error creating bean with name 'dataSourceScriptDatabaseInitializer' defined in class path resource [org/springframework/boot/jdbc/autoconfigure/DataSourceInitializationAutoConfiguration.class]: Unsatisfied dependency expressed through method 'dataSourceScriptDatabaseInitializer' parameter 0: Error creating bean with name 'dataSource' defined in class path resource [org/springframework/boot/jdbc/autoconfigure/DataSourceConfiguration$Hikari.class]: Unsatisfied dependency expressed through method 'dataSource' parameter 1: Error creating bean with name 'jdbcContainerConnectionDetailsForPostgresContainer': Error creating bean with name 'postgresContainer' defined in class path resource [com/sinapipro/api/TestcontainersConfiguration.class]: Could not find a valid Docker environment. Please see logs and check configuration","tags":["COMMONS-LOGGING"],"ecs":{"version":"8.11"}}
{"@timestamp":"2026-05-08T22:54:22.971562497Z","log":{"level":"ERROR","logger":"org.springframework.boot.SpringApplication"},"process":{"pid":72942,"thread":{"name":"main"}},"service":{"name":"sinapipro-api","node":{}},"message":"Application run failed","error":{"type":"org.springframework.beans.factory.BeanCreationException","message":"Error creating bean with name 'entityManagerFactory' defined in class path resource [org/springframework/boot/hibernate/autoconfigure/HibernateJpaConfiguration.class]: Failed to initialize dependency 'dataSourceScriptDatabaseInitializer' of LoadTimeWeaverAware bean 'entityManagerFactory': Error creating bean with name 'dataSourceScriptDatabaseInitializer' defined in class path resource [org/springframework/boot/jdbc/autoconfigure/DataSourceInitializationAutoConfiguration.class]: Unsatisfied dependency expressed through method 'dataSourceScriptDatabaseInitializer' parameter 0: Error creating bean with name 'dataSource' defined in class path resource [org/springframework/boot/jdbc/autoconfigure/DataSourceConfiguration$Hikari.class]: Unsatisfied dependency expressed through method 'dataSource' parameter 1: Error creating bean with name 'jdbcContainerConnectionDetailsForPostgresContainer': Error creating bean with name 'postgresContainer' defined in class path resource [com/sinapipro/api/TestcontainersConfiguration.class]: Could not find a valid Docker environment. Please see logs and check configuration","stack_trace":"org.springframework.beans.factory.BeanCreationException: Error creating bean with name 'entityManagerFactory' defined in class path resource [org/springframework/boot/hibernate/autoconfigure/HibernateJpaConfiguration.class]: Failed to initialize dependency 'dataSourceScriptDatabaseInitializer' of LoadTimeWeaverAware bean 'entityManagerFactory': Error creating bean with name 'dataSourceScriptDatabaseInitializer' defined in class path resource [org/springframework/boot/jdbc/autoconfigure/DataSourceInitializationAutoConfiguration.class]: Unsatisfied dependency expressed through method 'dataSourceScriptDatabaseInitializer' parameter 0: Error creating bean with name 'dataSource' defined in class path resource [org/springframework/boot/jdbc/autoconfigure/DataSourceConfiguration$Hikari.class]: Unsatisfied dependency expressed through method 'dataSource' parameter 1: Error creating bean with name 'jdbcContainerConnectionDetailsForPostgresContainer': Error creating bean with name 'postgresContainer' defined in class path resource [com/sinapipro/api/TestcontainersConfiguration.class]: Could not find a valid Docker environment. Please see logs and check configuration\n\tat org.springframework.beans.factory.support.AbstractBeanFactory.doGetBean(AbstractBeanFactory.java:322)\n\tat org.springframework.beans.factory.support.AbstractBeanFactory.getBean(AbstractBeanFactory.java:201)\n\tat org.springframework.context.support.AbstractApplicationContext.finishBeanFactoryInitialization(AbstractApplicationContext.java:977)\n\tat org.springframework.context.support.AbstractApplicationContext.refresh(AbstractApplicationContext.java:621)\n\tat org.springframework.boot.web.server.servlet.context.ServletWebServerApplicationContext.refresh(ServletWebServerApplicationContext.java:143)\n\tat org.springframework.boot.SpringApplication.refresh(SpringApplication.java:756)\n\tat org.springframework.boot.SpringApplication.refreshContext(SpringApplication.java:445)\n\tat org.springframework.boot.SpringApplication.run(SpringApplication.java:321)\n\tat org.springframework.boot.test.context.SpringBootContextLoader.lambda$loadContext$2(SpringBootContextLoader.java:155)\n\tat org.springframework.util.function.ThrowingSupplier.get(ThrowingSupplier.java:58)\n\tat org.springframework.util.function.ThrowingSupplier.get(ThrowingSupplier.java:46)\n\tat org.springframework.boot.SpringApplication.withHook(SpringApplication.java:1465)\n\tat org.springframework.boot.test.context.SpringBootContextLoader$ContextLoaderHook.run(SpringBootContextLoader.java:600)\n\tat org.springframework.boot.test.context.SpringBootContextLoader.loadContext(SpringBootContextLoader.java:155)\n\tat org.springframework.boot.test.context.SpringBootContextLoader.loadContext(SpringBootContextLoader.java:114)\n\tat org.springframework.test.context.cache.DefaultCacheAwareContextLoaderDelegate.loadContextInternal(DefaultCacheAwareContextLoaderDelegate.java:247)\n\tat org.springframework.test.context.cache.DefaultCacheAwareContextLoaderDelegate.lambda$loadContext$0(DefaultCacheAwareContextLoaderDelegate.java:167)\n\tat org.springframework.test.context.cache.DefaultContextCache.put(DefaultContextCache.java:214)\n\tat org.springframework.test.context.cache.DefaultCacheAwareContextLoaderDelegate.loadContext(DefaultCacheAwareContextLoaderDelegate.java:160)\n\tat org.springframework.test.context.support.DefaultTestContext.getApplicationContext(DefaultTestContext.java:128)\n\tat org.springframework.test.context.support.DependencyInjectionTestExecutionListener.injectDependencies(DependencyInjectionTestExecutionListener.java:156)\n\tat org.springframework.test.context.support.DependencyInjectionTestExecutionListener.prepareTestInstance(DependencyInjectionTestExecutionListener.java:111)\n\tat org.springframework.test.context.TestContextManager.prepareTestInstance(TestContextManager.java:260)\n\tat org.springframework.test.context.junit.jupiter.SpringExtension.postProcessTestInstance(SpringExtension.java:210)\n\tat org.junit.jupiter.engine.descriptor.ClassBasedTestDescriptor.lambda$invokeTestInstancePostProcessors$1(ClassBasedTestDescriptor.java:423)\n\tat org.junit.jupiter.engine.descriptor.ClassBasedTestDescriptor.executeAndMaskThrowable(ClassBasedTestDescriptor.java:428)\n\tat org.junit.jupiter.engine.descriptor.ClassBasedTestDescriptor.lambda$invokeTestInstancePostProcessors$0(ClassBasedTestDescriptor.java:422)\n\tat java.base/java.util.stream.ForEachOps$ForEachOp$OfRef.accept(ForEachOps.java:186)\n\tat java.base/java.util.stream.ReferencePipeline$3$1.accept(ReferencePipeline.java:214)\n\tat java.base/java.util.stream.ReferencePipeline$2$1.accept(ReferencePipeline.java:197)\n\tat java.base/java.util.stream.ReferencePipeline$3$1.accept(ReferencePipeline.java:214)\n\tat java.base/java.util.ArrayList$ArrayListSpliterator.forEachRemaining(ArrayList.java:1716)\n\tat java.base/java.util.stream.AbstractPipeline.copyInto(AbstractPipeline.java:570)\n\tat java.base/java.util.stream.AbstractPipeline.wrapAndCopyInto(AbstractPipeline.java:560)\n\tat java.base/java.util.stream.ForEachOps$ForEachOp.evaluateSequential(ForEachOps.java:153)\n\tat java.base/java.util.stream.ForEachOps$ForEachOp$OfRef.evaluateSequential(ForEachOps.java:176)\n\tat java.base/java.util.stream.AbstractPipeline.evaluate(AbstractPipeline.java:265)\n\tat java.base/java.util.stream.ReferencePipeline.forEach(ReferencePipeline.java:632)\n\tat org.junit.jupiter.engine.descriptor.ClassBasedTestDescriptor.invokeTestInstancePostProcessors(ClassBasedTestDescriptor.java:422)\n\tat org.junit.jupiter.engine.descriptor.ClassBasedTestDescriptor.lambda$instantiateAndPostProcessTestInstance$0(ClassBasedTestDescriptor.java:334)\n\tat org.junit.platform.engine.support.hierarchical.ThrowableCollector.execute(ThrowableCollector.java:74)\n\tat org.junit.jupiter.engine.descriptor.ClassBasedTestDescriptor.instantiateAndPostProcessTestInstance(ClassBasedTestDescriptor.java:333)\n\tat org.junit.jupiter.engine.descriptor.ClassBasedTestDescriptor.lambda$testInstancesProvider$1(ClassBasedTestDescriptor.java:322)\n\tat java.base/java.util.Optional.orElseGet(Optional.java:364)\n\tat org.junit.jupiter.engine.descriptor.ClassBasedTestDescriptor.lambda$testInstancesProvider$0(ClassBasedTestDescriptor.java:321)\n\tat org.junit.jupiter.engine.descriptor.NestedClassTestDescriptor.instantiateTestClass(NestedClassTestDescriptor.java:108)\n\tat org.junit.jupiter.engine.descriptor.ClassBasedTestDescriptor.instantiateAndPostProcessTestInstance(ClassBasedTestDescriptor.java:332)\n\tat org.junit.jupiter.engine.descriptor.ClassBasedTestDescriptor.lambda$testInstancesProvider$1(ClassBasedTestDescriptor.java:322)\n\tat java.base/java.util.Optional.orElseGet(Optional.java:364)\n\tat org.junit.jupiter.engine.descriptor.ClassBasedTestDescriptor.lambda$testInstancesProvider$0(ClassBasedTestDescriptor.java:321)\n\tat org.junit.jupiter.engine.execution.TestInstancesProvider.getTestInstances(TestInstancesProvider.java:27)\n\tat org.junit.jupiter.engine.descriptor.TestMethodTestDescriptor.lambda$prepare$0(TestMethodTestDescriptor.java:127)\n\tat org.junit.platform.engine.support.hierarchical.ThrowableCollector.execute(ThrowableCollector.java:74)\n\tat org.junit.jupiter.engine.descriptor.TestMethodTestDescriptor.prepare(TestMethodTestDescriptor.java:126)\n\tat org.junit.jupiter.engine.descriptor.TestMethodTestDescriptor.prepare(TestMethodTestDescriptor.java:70)\n\tat org.junit.platform.engine.support.hierarchical.NodeTestTask.lambda$prepare$0(NodeTestTask.java:144)\n\tat org.junit.platform.engine.support.hierarchical.ThrowableCollector.execute(ThrowableCollector.java:74)\n\tat org.junit.platform.engine.support.hierarchical.NodeTestTask.prepare(NodeTestTask.java:144)\n\tat org.junit.platform.engine.support.hierarchical.NodeTestTask.execute(NodeTestTask.java:110)\n\tat java.base/java.util.ArrayList.forEach(ArrayList.java:1604)\n\tat org.junit.platform.engine.support.hierarchical.SameThreadHierarchicalTestExecutorService.invokeAll(SameThreadHierarchicalTestExecutorService.java:42)\n\tat org.junit.platform.engine.support.hierarchical.NodeTestTask.lambda$executeRecursively$2(NodeTestTask.java:180)\n\tat org.junit.platform.engine.support.hierarchical.ThrowableCollector.execute(ThrowableCollector.java:74)\n\tat org.junit.platform.engine.support.hierarchical.NodeTestTask.lambda$executeRecursively$1(NodeTestTask.java:166)\n\tat org.junit.platform.engine.support.hierarchical.Node.around(Node.java:138)\n\tat org.junit.platform.engine.support.hierarchical.NodeTestTask.lambda$executeRecursively$0(NodeTestTask.java:164)\n\tat org.junit.platform.engine.support.hierarchical.ThrowableCollector.execute(ThrowableCollector.java:74)\n\tat org.junit.platform.engine.support.hierarchical.NodeTestTask.executeRecursively(NodeTestTask.java:163)\n\tat org.junit.platform.engine.support.hierarchical.NodeTestTask.execute(NodeTestTask.java:116)\n\tat java.base/java.util.ArrayList.forEach(ArrayList.java:1604)\n\tat org.junit.platform.engine.support.hierarchical.SameThreadHierarchicalTestExecutorService.invokeAll(SameThreadHierarchicalTestExecutorService.java:42)\n\tat org.junit.platform.engine.support.hierarchical.NodeTestTask.lambda$executeRecursively$2(NodeTestTask.java:180)\n\tat org.junit.platform.engine.support.hierarchical.ThrowableCollector.execute(ThrowableCollector.java:74)\n\tat org.junit.platform.engine.support.hierarchical.NodeTestTask.lambda$executeRecursively$1(NodeTestTask.java:166)\n\tat org.junit.platform.engine.support.hierarchical.Node.around(Node.java:138)\n\tat org.junit.platform.engine.support.hierarchical.NodeTestTask.lambda$executeRecursively$0(NodeTestTask.java:164)\n\tat org.junit.platform.engine.support.hierarchical.ThrowableCollector.execute(ThrowableCollector.java:74)\n\tat org.junit.platform.engine.support.hierarchical.NodeTestTask.executeRecursively(NodeTestTask.java:163)\n\tat org.junit.platform.engine.support.hierarchical.NodeTestTask.execute(NodeTestTask.java:116)\n\tat java.base/java.util.ArrayList.forEach(ArrayList.java:1604)\n\tat org.junit.platform.engine.support.hierarchical.SameThreadHierarchicalTestExecutorService.invokeAll(SameThreadHierarchicalTestExecutorService.java:42)\n\tat org.junit.platform.engine.support.hierarchical.NodeTestTask.lambda$executeRecursively$2(NodeTestTask.java:180)\n\tat org.junit.platform.engine.support.hierarchical.ThrowableCollector.execute(ThrowableCollector.java:74)\n\tat org.junit.platform.engine.support.hierarchical.NodeTestTask.lambda$executeRecursively$1(NodeTestTask.java:166)\n\tat org.junit.platform.engine.support.hierarchical.Node.around(Node.java:138)\n\tat org.junit.platform.engine.support.hierarchical.NodeTestTask.lambda$executeRecursively$0(NodeTestTask.java:164)\n\tat org.junit.platform.engine.support.hierarchical.ThrowableCollector.execute(ThrowableCollector.java:74)\n\tat org.junit.platform.engine.support.hierarchical.NodeTestTask.executeRecursively(NodeTestTask.java:163)\n\tat org.junit.platform.engine.support.hierarchical.NodeTestTask.execute(NodeTestTask.java:116)\n\tat org.junit.platform.engine.support.hierarchical.SameThreadHierarchicalTestExecutorService.submit(SameThreadHierarchicalTestExecutorService.java:36)\n\tat org.junit.platform.engine.support.hierarchical.HierarchicalTestExecutor.execute(HierarchicalTestExecutor.java:52)\n\tat org.junit.platform.engine.support.hierarchical.HierarchicalTestEngine.execute(HierarchicalTestEngine.java:58)\n\tat org.junit.platform.launcher.core.EngineExecutionOrchestrator.executeEngine(EngineExecutionOrchestrator.java:246)\n\tat org.junit.platform.launcher.core.EngineExecutionOrchestrator.failOrExecuteEngine(EngineExecutionOrchestrator.java:218)\n\tat org.junit.platform.launcher.core.EngineExecutionOrchestrator.execute(EngineExecutionOrchestrator.java:179)\n\tat org.junit.platform.launcher.core.EngineExecutionOrchestrator.execute(EngineExecutionOrchestrator.java:108)\n\tat org.junit.platform.launcher.core.EngineExecutionOrchestrator.lambda$execute$0(EngineExecutionOrchestrator.java:66)\n\tat org.junit.platform.launcher.core.EngineExecutionOrchestrator.withInterceptedStreams(EngineExecutionOrchestrator.java:157)\n\tat org.junit.platform.launcher.core.EngineExecutionOrchestrator.execute(EngineExecutionOrchestrator.java:65)\n\tat org.junit.platform.launcher.core.DefaultLauncher.execute(DefaultLauncher.java:125)\n\tat org.junit.platform.launcher.core.DefaultLauncher.execute(DefaultLauncher.java:114)\n\tat org.junit.platform.launcher.core.DelegatingLauncher.execute(DelegatingLauncher.java:58)\n\tat org.junit.platform.launcher.core.InterceptingLauncher.lambda$execute$2(InterceptingLauncher.java:57)\n\tat org.junit.platform.launcher.core.ClasspathAlignmentCheckingLauncherInterceptor.intercept(ClasspathAlignmentCheckingLauncherInterceptor.java:25)\n\tat org.junit.platform.launcher.core.InterceptingLauncher.execute(InterceptingLauncher.java:56)\n\tat org.junit.platform.launcher.core.DelegatingLauncher.execute(DelegatingLauncher.java:58)\n\tat java.base/jdk.internal.reflect.DirectMethodHandleAccessor.invoke(DirectMethodHandleAccessor.java:104)\n\tat java.base/java.lang.reflect.Method.invoke(Method.java:565)\n\tat org.apache.maven.surefire.api.util.ReflectionUtils.invokeMethodWithArray(ReflectionUtils.java:125)\n\tat org.apache.maven.surefire.junitplatform.LauncherAdapter.executeWithCancellationToken(LauncherAdapter.java:68)\n\tat org.apache.maven.surefire.junitplatform.LauncherAdapter.execute(LauncherAdapter.java:54)\n\tat org.apache.maven.surefire.junitplatform.JUnitPlatformProvider.execute(JUnitPlatformProvider.java:203)\n\tat org.apache.maven.surefire.junitplatform.JUnitPlatformProvider.invokeAllTests(JUnitPlatformProvider.java:168)\n\tat org.apache.maven.surefire.junitplatform.JUnitPlatformProvider.invoke(JUnitPlatformProvider.java:136)\n\tat org.apache.maven.surefire.booter.ForkedBooter.runSuitesInProcess(ForkedBooter.java:385)\n\tat org.apache.maven.surefire.booter.ForkedBooter.execute(ForkedBooter.java:162)\n\tat org.apache.maven.surefire.booter.ForkedBooter.run(ForkedBooter.java:507)\n\tat org.apache.maven.surefire.booter.ForkedBooter.main(ForkedBooter.java:495)\nCaused by: org.springframework.beans.factory.UnsatisfiedDependencyException: Error creating bean with name 'dataSourceScriptDatabaseInitializer' defined in class path resource [org/springframework/boot/jdbc/autoconfigure/DataSourceInitializationAutoConfiguration.class]: Unsatisfied dependency expressed through method 'dataSourceScriptDatabaseInitializer' parameter 0: Error creating bean with name 'dataSource' defined in class path resource [org/springframework/boot/jdbc/autoconfigure/DataSourceConfiguration$Hikari.class]: Unsatisfied dependency expressed through method 'dataSource' parameter 1: Error creating bean with name 'jdbcContainerConnectionDetailsForPostgresContainer': Error creating bean with name 'postgresContainer' defined in class path resource [com/sinapipro/api/TestcontainersConfiguration.class]: Could not find a valid Docker environment. Please see logs and check configuration\n\tat org.springframework.beans.factory.support.ConstructorResolver.createArgumentArray(ConstructorResolver.java:804)\n\tat org.springframework.beans.factory.support.ConstructorResolver.instantiateUsingFactoryMethod(ConstructorResolver.java:546)\n\tat org.springframework.beans.factory.support.AbstractAutowireCapableBeanFactory.instantiateUsingFactoryMethod(AbstractAutowireCapableBeanFactory.java:1362)\n\tat org.springframework.beans.factory.support.AbstractAutowireCapableBeanFactory.createBeanInstance(AbstractAutowireCapableBeanFactory.java:1194)\n\tat org.springframework.beans.factory.support.AbstractAutowireCapableBeanFactory.doCreateBean(AbstractAutowireCapableBeanFactory.java:565)\n\tat org.springframework.beans.factory.support.AbstractAutowireCapableBeanFactory.createBean(AbstractAutowireCapableBeanFactory.java:525)\n\tat org.springframework.beans.factory.support.AbstractBeanFactory.lambda$doGetBean$0(AbstractBeanFactory.java:333)\n\tat org.springframework.beans.factory.support.DefaultSingletonBeanRegistry.getSingleton(DefaultSingletonBeanRegistry.java:371)\n\tat org.springframework.beans.factory.support.AbstractBeanFactory.doGetBean(AbstractBeanFactory.java:331)\n\tat org.springframework.beans.factory.support.AbstractBeanFactory.getBean(AbstractBeanFactory.java:196)\n\tat org.springframework.beans.factory.support.AbstractBeanFactory.doGetBean(AbstractBeanFactory.java:309)\n\t... 117 common frames omitted\nCaused by: org.springframework.beans.factory.UnsatisfiedDependencyException: Error creating bean with name 'dataSource' defined in class path resource [org/springframework/boot/jdbc/autoconfigure/DataSourceConfiguration$Hikari.class]: Unsatisfied dependency expressed through method 'dataSource' parameter 1: Error creating bean with name 'jdbcContainerConnectionDetailsForPostgresContainer': Error creating bean with name 'postgresContainer' defined in class path resource [com/sinapipro/api/TestcontainersConfiguration.class]: Could not find a valid Docker environment. Please see logs and check configuration\n\tat org.springframework.beans.factory.support.ConstructorResolver.createArgumentArray(ConstructorResolver.java:804)\n\tat org.springframework.beans.factory.support.ConstructorResolver.instantiateUsingFactoryMethod(ConstructorResolver.java:546)\n\tat org.springframework.beans.factory.support.AbstractAutowireCapableBeanFactory.instantiateUsingFactoryMethod(AbstractAutowireCapableBeanFactory.java:1362)\n\tat org.springframework.beans.factory.support.AbstractAutowireCapableBeanFactory.createBeanInstance(AbstractAutowireCapableBeanFactory.java:1194)\n\tat org.springframework.beans.factory.support.AbstractAutowireCapableBeanFactory.doCreateBean(AbstractAutowireCapableBeanFactory.java:565)\n\tat org.springframework.beans.factory.support.AbstractAutowireCapableBeanFactory.createBean(AbstractAutowireCapableBeanFactory.java:525)\n\tat org.springframework.beans.factory.support.AbstractBeanFactory.lambda$doGetBean$0(AbstractBeanFactory.java:333)\n\tat org.springframework.beans.factory.support.DefaultSingletonBeanRegistry.getSingleton(DefaultSingletonBeanRegistry.java:371)\n\tat org.springframework.beans.factory.support.AbstractBeanFactory.doGetBean(AbstractBeanFactory.java:331)\n\tat org.springframework.beans.factory.support.AbstractBeanFactory.getBean(AbstractBeanFactory.java:201)\n\tat org.springframework.beans.factory.support.DefaultListableBeanFactory.resolveBean(DefaultListableBeanFactory.java:1225)\n\tat org.springframework.beans.factory.support.DefaultListableBeanFactory.doResolveDependency(DefaultListableBeanFactory.java:1704)\n\tat org.springframework.beans.factory.support.DefaultListableBeanFactory.resolveDependency(DefaultListableBeanFactory.java:1651)\n\tat org.springframework.beans.factory.support.ConstructorResolver.resolveAutowiredArgument(ConstructorResolver.java:912)\n\tat org.springframework.beans.factory.support.ConstructorResolver.createArgumentArray(ConstructorResolver.java:791)\n\t... 127 common frames omitted\nCaused by: org.springframework.beans.factory.BeanCreationException: Error creating bean with name 'jdbcContainerConnectionDetailsForPostgresContainer': Error creating bean with name 'postgresContainer' defined in class path resource [com/sinapipro/api/TestcontainersConfiguration.class]: Could not find a valid Docker environment. Please see logs and check configuration\n\tat org.springframework.beans.factory.support.AbstractAutowireCapableBeanFactory.initializeBean(AbstractAutowireCapableBeanFactory.java:1817)\n\tat org.springframework.beans.factory.support.AbstractAutowireCapableBeanFactory.doCreateBean(AbstractAutowireCapableBeanFactory.java:603)\n\tat org.springframework.beans.factory.support.AbstractAutowireCapableBeanFactory.createBean(AbstractAutowireCapableBeanFactory.java:525)\n\tat org.springframework.beans.factory.support.AbstractBeanFactory.lambda$doGetBean$0(AbstractBeanFactory.java:333)\n\tat org.springframework.beans.factory.support.DefaultSingletonBeanRegistry.getSingleton(DefaultSingletonBeanRegistry.java:371)\n\tat org.springframework.beans.factory.support.AbstractBeanFactory.doGetBean(AbstractBeanFactory.java:331)\n\tat org.springframework.beans.factory.support.AbstractBeanFactory.getBean(AbstractBeanFactory.java:201)\n\tat org.springframework.beans.factory.config.DependencyDescriptor.resolveCandidate(DependencyDescriptor.java:229)\n\tat org.springframework.beans.factory.support.DefaultListableBeanFactory.doResolveDependency(DefaultListableBeanFactory.java:1762)\n\tat org.springframework.beans.factory.support.DefaultListableBeanFactory.resolveDependency(DefaultListableBeanFactory.java:1651)\n\tat org.springframework.beans.factory.support.ConstructorResolver.resolveAutowiredArgument(ConstructorResolver.java:912)\n\tat org.springframework.beans.factory.support.ConstructorResolver.createArgumentArray(ConstructorResolver.java:791)\n\t... 141 common frames omitted\nCaused by: org.springframework.beans.factory.BeanCreationException: Error creating bean with name 'postgresContainer' defined in class path resource [com/sinapipro/api/TestcontainersConfiguration.class]: Could not find a valid Docker environment. Please see logs and check configuration\n\tat org.springframework.beans.factory.support.AbstractAutowireCapableBeanFactory.doCreateBean(AbstractAutowireCapableBeanFactory.java:610)\n\tat org.springframework.beans.factory.support.AbstractAutowireCapableBeanFactory.createBean(AbstractAutowireCapableBeanFactory.java:525)\n\tat org.springframework.beans.factory.support.AbstractBeanFactory.lambda$doGetBean$0(AbstractBeanFactory.java:333)\n\tat org.springframework.beans.factory.support.DefaultSingletonBeanRegistry.getSingleton(DefaultSingletonBeanRegistry.java:371)\n\tat org.springframework.beans.factory.support.AbstractBeanFactory.doGetBean(AbstractBeanFactory.java:331)\n\tat org.springframework.beans.factory.support.AbstractBeanFactory.getBean(AbstractBeanFactory.java:201)\n\tat org.springframework.boot.testcontainers.service.connection.ServiceConnectionAutoConfigurationRegistrar.lambda$createSource$0(ServiceConnectionAutoConfigurationRegistrar.java:107)\n\tat org.springframework.boot.testcontainers.service.connection.ContainerConnectionDetailsFactory$ContainerConnectionDetails.afterPropertiesSet(ContainerConnectionDetailsFactory.java:187)\n\tat org.springframework.beans.factory.support.AbstractAutowireCapableBeanFactory.invokeInitMethods(AbstractAutowireCapableBeanFactory.java:1864)\n\tat org.springframework.beans.factory.support.AbstractAutowireCapableBeanFactory.initializeBean(AbstractAutowireCapableBeanFactory.java:1813)\n\t... 152 common frames omitted\nCaused by: java.lang.IllegalStateException: Could not find a valid Docker environment. Please see logs and check configuration\n\tat org.testcontainers.dockerclient.DockerClientProviderStrategy.lambda$getFirstValidStrategy$7(DockerClientProviderStrategy.java:274)\n\tat java.base/java.util.Optional.orElseThrow(Optional.java:403)\n\tat org.testcontainers.dockerclient.DockerClientProviderStrategy.getFirstValidStrategy(DockerClientProviderStrategy.java:265)\n\tat org.testcontainers.DockerClientFactory.getOrInitializeStrategy(DockerClientFactory.java:154)\n\tat org.testcontainers.DockerClientFactory.client(DockerClientFactory.java:196)\n\tat org.testcontainers.DockerClientFactory$1.getDockerClient(DockerClientFactory.java:108)\n\tat com.github.dockerjava.api.DockerClientDelegate.authConfig(DockerClientDelegate.java:109)\n\tat org.testcontainers.containers.GenericContainer.start(GenericContainer.java:321)\n\tat org.springframework.boot.testcontainers.lifecycle.TestcontainersStartup.start(TestcontainersStartup.java:109)\n\tat java.base/java.lang.Iterable.forEach(Iterable.java:75)\n\tat org.springframework.boot.testcontainers.lifecycle.TestcontainersStartup$1.start(TestcontainersStartup.java:50)\n\tat org.springframework.boot.testcontainers.lifecycle.TestcontainersLifecycleBeanPostProcessor.start(TestcontainersLifecycleBeanPostProcessor.java:127)\n\tat org.springframework.boot.testcontainers.lifecycle.TestcontainersLifecycleBeanPostProcessor.initializeStartables(TestcontainersLifecycleBeanPostProcessor.java:115)\n\tat org.springframework.boot.testcontainers.lifecycle.TestcontainersLifecycleBeanPostProcessor.postProcessAfterInitialization(TestcontainersLifecycleBeanPostProcessor.java:88)\n\tat org.springframework.beans.factory.support.AbstractAutowireCapableBeanFactory.applyBeanPostProcessorsAfterInitialization(AbstractAutowireCapableBeanFactory.java:442)\n\tat org.springframework.beans.factory.support.AbstractAutowireCapableBeanFactory.initializeBean(AbstractAutowireCapableBeanFactory.java:1820)\n\tat org.springframework.beans.factory.support.AbstractAutowireCapableBeanFactory.doCreateBean(AbstractAutowireCapableBeanFactory.java:603)\n\t... 161 common frames omitted\n"},"tags":["COMMONS-LOGGING"],"ecs":{"version":"8.11"}}
{"@timestamp":"2026-05-08T22:54:22.987370195Z","log":{"level":"WARN","logger":"org.springframework.test.context.TestContextManager"},"process":{"pid":72942,"thread":{"name":"main"}},"service":{"name":"sinapipro-api","node":{}},"message":"Caught exception while allowing TestExecutionListener [org.springframework.test.context.support.DependencyInjectionTestExecutionListener] to prepare test instance [com.sinapipro.api.budget.BudgetControllerIntegrationTest@d81c848]","error":{"type":"java.lang.IllegalStateException","message":"Failed to load ApplicationContext for [WebMergedContextConfiguration@490b916c testClass = com.sinapipro.api.budget.BudgetControllerIntegrationTest.ListBudgets, locations = [], classes = [com.sinapipro.api.SinapiProApiApplication], contextInitializerClasses = [], activeProfiles = [\"test\"], propertySourceDescriptors = [], propertySourceProperties = [\"org.springframework.boot.test.context.SpringBootTestContextBootstrapper=true\", \"server.port=0\"], contextCustomizers = [org.springframework.boot.web.server.context.SpringBootTestRandomPortContextCustomizer@5776a9f8, org.springframework.boot.testcontainers.service.connection.ServiceConnectionContextCustomizer@0, org.springframework.test.context.support.DynamicPropertiesContextCustomizer@0, [ImportsContextCustomizer@c9b6fcf key = [com.sinapipro.api.TestcontainersConfiguration]], org.springframework.boot.test.context.PropertyMappingContextCustomizer@0, org.springframework.boot.test.context.filter.ExcludeFilterContextCustomizer@4bd39edc, org.springframework.boot.test.http.client.DisableReactorResourceFactoryGlobalResourcesContextCustomizerFactory$DisableReactorResourceFactoryGlobalResourcesContextCustomizerCustomizer@7b6b8cea, org.springframework.boot.test.json.DuplicateJsonObjectContextCustomizerFactory$DuplicateJsonObjectContextCustomizer@4a7427f9, org.springframework.boot.test.autoconfigure.OnFailureConditionReportContextCustomizerFactory$OnFailureConditionReportContextCustomizer@2d26c6a2, org.springframework.boot.test.context.SpringBootTestAnnotation@65425fe8], resourceBasePath = \"src/main/webapp\", contextLoader = org.springframework.boot.test.context.SpringBootContextLoader, parent = null]","stack_trace":"java.lang.IllegalStateException: Failed to load ApplicationContext for [WebMergedContextConfiguration@490b916c testClass = com.sinapipro.api.budget.BudgetControllerIntegrationTest.ListBudgets, locations = [], classes = [com.sinapipro.api.SinapiProApiApplication], contextInitializerClasses = [], activeProfiles = [\"test\"], propertySourceDescriptors = [], propertySourceProperties = [\"org.springframework.boot.test.context.SpringBootTestContextBootstrapper=true\", \"server.port=0\"], contextCustomizers = [org.springframework.boot.web.server.context.SpringBootTestRandomPortContextCustomizer@5776a9f8, org.springframework.boot.testcontainers.service.connection.ServiceConnectionContextCustomizer@0, org.springframework.test.context.support.DynamicPropertiesContextCustomizer@0, [ImportsContextCustomizer@c9b6fcf key = [com.sinapipro.api.TestcontainersConfiguration]], org.springframework.boot.test.context.PropertyMappingContextCustomizer@0, org.springframework.boot.test.context.filter.ExcludeFilterContextCustomizer@4bd39edc, org.springframework.boot.test.http.client.DisableReactorResourceFactoryGlobalResourcesContextCustomizerFactory$DisableReactorResourceFactoryGlobalResourcesContextCustomizerCustomizer@7b6b8cea, org.springframework.boot.test.json.DuplicateJsonObjectContextCustomizerFactory$DuplicateJsonObjectContextCustomizer@4a7427f9, org.springframework.boot.test.autoconfigure.OnFailureConditionReportContextCustomizerFactory$OnFailureConditionReportContextCustomizer@2d26c6a2, org.springframework.boot.test.context.SpringBootTestAnnotation@65425fe8], resourceBasePath = \"src/main/webapp\", contextLoader = org.springframework.boot.test.context.SpringBootContextLoader, parent = null]\n\tat org.springframework.test.context.cache.DefaultCacheAwareContextLoaderDelegate.lambda$loadContext$0(DefaultCacheAwareContextLoaderDelegate.java:195)\n\tat org.springframework.test.context.cache.DefaultContextCache.put(DefaultContextCache.java:214)\n\tat org.springframework.test.context.cache.DefaultCacheAwareContextLoaderDelegate.loadContext(DefaultCacheAwareContextLoaderDelegate.java:160)\n\tat org.springframework.test.context.support.DefaultTestContext.getApplicationContext(DefaultTestContext.java:128)\n\tat org.springframework.test.context.support.DependencyInjectionTestExecutionListener.injectDependencies(DependencyInjectionTestExecutionListener.java:156)\n\tat org.springframework.test.context.support.DependencyInjectionTestExecutionListener.prepareTestInstance(DependencyInjectionTestExecutionListener.java:111)\n\tat org.springframework.test.context.TestContextManager.prepareTestInstance(TestContextManager.java:260)\n\tat org.springframework.test.context.junit.jupiter.SpringExtension.postProcessTestInstance(SpringExtension.java:210)\n\tat org.junit.jupiter.engine.descriptor.ClassBasedTestDescriptor.lambda$invokeTestInstancePostProcessors$1(ClassBasedTestDescriptor.java:423)\n\tat org.junit.jupiter.engine.descriptor.ClassBasedTestDescriptor.executeAndMaskThrowable(ClassBasedTestDescriptor.java:428)\n\tat org.junit.jupiter.engine.descriptor.ClassBasedTestDescriptor.lambda$invokeTestInstancePostProcessors$0(ClassBasedTestDescriptor.java:422)\n\tat java.base/java.util.stream.ForEachOps$ForEachOp$OfRef.accept(ForEachOps.java:186)\n\tat java.base/java.util.stream.ReferencePipeline$3$1.accept(ReferencePipeline.java:214)\n\tat java.base/java.util.stream.ReferencePipeline$2$1.accept(ReferencePipeline.java:197)\n\tat java.base/java.util.stream.ReferencePipeline$3$1.accept(ReferencePipeline.java:214)\n\tat java.base/java.util.ArrayList$ArrayListSpliterator.forEachRemaining(ArrayList.java:1716)\n\tat java.base/java.util.stream.AbstractPipeline.copyInto(AbstractPipeline.java:570)\n\tat java.base/java.util.stream.AbstractPipeline.wrapAndCopyInto(AbstractPipeline.java:560)\n\tat java.base/java.util.stream.ForEachOps$ForEachOp.evaluateSequential(ForEachOps.java:153)\n\tat java.base/java.util.stream.ForEachOps$ForEachOp$OfRef.evaluateSequential(ForEachOps.java:176)\n\tat java.base/java.util.stream.AbstractPipeline.evaluate(AbstractPipeline.java:265)\n\tat java.base/java.util.stream.ReferencePipeline.forEach(ReferencePipeline.java:632)\n\tat org.junit.jupiter.engine.descriptor.ClassBasedTestDescriptor.invokeTestInstancePostProcessors(ClassBasedTestDescriptor.java:422)\n\tat org.junit.jupiter.engine.descriptor.ClassBasedTestDescriptor.lambda$instantiateAndPostProcessTestInstance$0(ClassBasedTestDescriptor.java:334)\n\tat org.junit.platform.engine.support.hierarchical.ThrowableCollector.execute(ThrowableCollector.java:74)\n\tat org.junit.jupiter.engine.descriptor.ClassBasedTestDescriptor.instantiateAndPostProcessTestInstance(ClassBasedTestDescriptor.java:333)\n\tat org.junit.jupiter.engine.descriptor.ClassBasedTestDescriptor.lambda$testInstancesProvider$1(ClassBasedTestDescriptor.java:322)\n\tat java.base/java.util.Optional.orElseGet(Optional.java:364)\n\tat org.junit.jupiter.engine.descriptor.ClassBasedTestDescriptor.lambda$testInstancesProvider$0(ClassBasedTestDescriptor.java:321)\n\tat org.junit.jupiter.engine.descriptor.NestedClassTestDescriptor.instantiateTestClass(NestedClassTestDescriptor.java:108)\n\tat org.junit.jupiter.engine.descriptor.ClassBasedTestDescriptor.instantiateAndPostProcessTestInstance(ClassBasedTestDescriptor.java:332)\n\tat org.junit.jupiter.engine.descriptor.ClassBasedTestDescriptor.lambda$testInstancesProvider$1(ClassBasedTestDescriptor.java:322)\n\tat java.base/java.util.Optional.orElseGet(Optional.java:364)\n\tat org.junit.jupiter.engine.descriptor.ClassBasedTestDescriptor.lambda$testInstancesProvider$0(ClassBasedTestDescriptor.java:321)\n\tat org.junit.jupiter.engine.execution.TestInstancesProvider.getTestInstances(TestInstancesProvider.java:27)\n\tat org.junit.jupiter.engine.descriptor.TestMethodTestDescriptor.lambda$prepare$0(TestMethodTestDescriptor.java:127)\n\tat org.junit.platform.engine.support.hierarchical.ThrowableCollector.execute(ThrowableCollector.java:74)\n\tat org.junit.jupiter.engine.descriptor.TestMethodTestDescriptor.prepare(TestMethodTestDescriptor.java:126)\n\tat org.junit.jupiter.engine.descriptor.TestMethodTestDescriptor.prepare(TestMethodTestDescriptor.java:70)\n\tat org.junit.platform.engine.support.hierarchical.NodeTestTask.lambda$prepare$0(NodeTestTask.java:144)\n\tat org.junit.platform.engine.support.hierarchical.ThrowableCollector.execute(ThrowableCollector.java:74)\n\tat org.junit.platform.engine.support.hierarchical.NodeTestTask.prepare(NodeTestTask.java:144)\n\tat org.junit.platform.engine.support.hierarchical.NodeTestTask.execute(NodeTestTask.java:110)\n\tat java.base/java.util.ArrayList.forEach(ArrayList.java:1604)\n\tat org.junit.platform.engine.support.hierarchical.SameThreadHierarchicalTestExecutorService.invokeAll(SameThreadHierarchicalTestExecutorService.java:42)\n\tat org.junit.platform.engine.support.hierarchical.NodeTestTask.lambda$executeRecursively$2(NodeTestTask.java:180)\n\tat org.junit.platform.engine.support.hierarchical.ThrowableCollector.execute(ThrowableCollector.java:74)\n\tat org.junit.platform.engine.support.hierarchical.NodeTestTask.lambda$executeRecursively$1(NodeTestTask.java:166)\n\tat org.junit.platform.engine.support.hierarchical.Node.around(Node.java:138)\n\tat org.junit.platform.engine.support.hierarchical.NodeTestTask.lambda$executeRecursively$0(NodeTestTask.java:164)\n\tat org.junit.platform.engine.support.hierarchical.ThrowableCollector.execute(ThrowableCollector.java:74)\n\tat org.junit.platform.engine.support.hierarchical.NodeTestTask.executeRecursively(NodeTestTask.java:163)\n\tat org.junit.platform.engine.support.hierarchical.NodeTestTask.execute(NodeTestTask.java:116)\n\tat java.base/java.util.ArrayList.forEach(ArrayList.java:1604)\n\tat org.junit.platform.engine.support.hierarchical.SameThreadHierarchicalTestExecutorService.invokeAll(SameThreadHierarchicalTestExecutorService.java:42)\n\tat org.junit.platform.engine.support.hierarchical.NodeTestTask.lambda$executeRecursively$2(NodeTestTask.java:180)\n\tat org.junit.platform.engine.support.hierarchical.ThrowableCollector.execute(ThrowableCollector.java:74)\n\tat org.junit.platform.engine.support.hierarchical.NodeTestTask.lambda$executeRecursively$1(NodeTestTask.java:166)\n\tat org.junit.platform.engine.support.hierarchical.Node.around(Node.java:138)\n\tat org.junit.platform.engine.support.hierarchical.NodeTestTask.lambda$executeRecursively$0(NodeTestTask.java:164)\n\tat org.junit.platform.engine.support.hierarchical.ThrowableCollector.execute(ThrowableCollector.java:74)\n\tat org.junit.platform.engine.support.hierarchical.NodeTestTask.executeRecursively(NodeTestTask.java:163)\n\tat org.junit.platform.engine.support.hierarchical.NodeTestTask.execute(NodeTestTask.java:116)\n\tat java.base/java.util.ArrayList.forEach(ArrayList.java:1604)\n\tat org.junit.platform.engine.support.hierarchical.SameThreadHierarchicalTestExecutorService.invokeAll(SameThreadHierarchicalTestExecutorService.java:42)\n\tat org.junit.platform.engine.support.hierarchical.NodeTestTask.lambda$executeRecursively$2(NodeTestTask.java:180)\n\tat org.junit.platform.engine.support.hierarchical.ThrowableCollector.execute(ThrowableCollector.java:74)\n\tat org.junit.platform.engine.support.hierarchical.NodeTestTask.lambda$executeRecursively$1(NodeTestTask.java:166)\n\tat org.junit.platform.engine.support.hierarchical.Node.around(Node.java:138)\n\tat org.junit.platform.engine.support.hierarchical.NodeTestTask.lambda$executeRecursively$0(NodeTestTask.java:164)\n\tat org.junit.platform.engine.support.hierarchical.ThrowableCollector.execute(ThrowableCollector.java:74)\n\tat org.junit.platform.engine.support.hierarchical.NodeTestTask.executeRecursively(NodeTestTask.java:163)\n\tat org.junit.platform.engine.support.hierarchical.NodeTestTask.execute(NodeTestTask.java:116)\n\tat org.junit.platform.engine.support.hierarchical.SameThreadHierarchicalTestExecutorService.submit(SameThreadHierarchicalTestExecutorService.java:36)\n\tat org.junit.platform.engine.support.hierarchical.HierarchicalTestExecutor.execute(HierarchicalTestExecutor.java:52)\n\tat org.junit.platform.engine.support.hierarchical.HierarchicalTestEngine.execute(HierarchicalTestEngine.java:58)\n\tat org.junit.platform.launcher.core.EngineExecutionOrchestrator.executeEngine(EngineExecutionOrchestrator.java:246)\n\tat org.junit.platform.launcher.core.EngineExecutionOrchestrator.failOrExecuteEngine(EngineExecutionOrchestrator.java:218)\n\tat org.junit.platform.launcher.core.EngineExecutionOrchestrator.execute(EngineExecutionOrchestrator.java:179)\n\tat org.junit.platform.launcher.core.EngineExecutionOrchestrator.execute(EngineExecutionOrchestrator.java:108)\n\tat org.junit.platform.launcher.core.EngineExecutionOrchestrator.lambda$execute$0(EngineExecutionOrchestrator.java:66)\n\tat org.junit.platform.launcher.core.EngineExecutionOrchestrator.withInterceptedStreams(EngineExecutionOrchestrator.java:157)\n\tat org.junit.platform.launcher.core.EngineExecutionOrchestrator.execute(EngineExecutionOrchestrator.java:65)\n\tat org.junit.platform.launcher.core.DefaultLauncher.execute(DefaultLauncher.java:125)\n\tat org.junit.platform.launcher.core.DefaultLauncher.execute(DefaultLauncher.java:114)\n\tat org.junit.platform.launcher.core.DelegatingLauncher.execute(DelegatingLauncher.java:58)\n\tat org.junit.platform.launcher.core.InterceptingLauncher.lambda$execute$2(InterceptingLauncher.java:57)\n\tat org.junit.platform.launcher.core.ClasspathAlignmentCheckingLauncherInterceptor.intercept(ClasspathAlignmentCheckingLauncherInterceptor.java:25)\n\tat org.junit.platform.launcher.core.InterceptingLauncher.execute(InterceptingLauncher.java:56)\n\tat org.junit.platform.launcher.core.DelegatingLauncher.execute(DelegatingLauncher.java:58)\n\tat java.base/jdk.internal.reflect.DirectMethodHandleAccessor.invoke(DirectMethodHandleAccessor.java:104)\n\tat java.base/java.lang.reflect.Method.invoke(Method.java:565)\n\tat org.apache.maven.surefire.api.util.ReflectionUtils.invokeMethodWithArray(ReflectionUtils.java:125)\n\tat org.apache.maven.surefire.junitplatform.LauncherAdapter.executeWithCancellationToken(LauncherAdapter.java:68)\n\tat org.apache.maven.surefire.junitplatform.LauncherAdapter.execute(LauncherAdapter.java:54)\n\tat org.apache.maven.surefire.junitplatform.JUnitPlatformProvider.execute(JUnitPlatformProvider.java:203)\n\tat org.apache.maven.surefire.junitplatform.JUnitPlatformProvider.invokeAllTests(JUnitPlatformProvider.java:168)\n\tat org.apache.maven.surefire.junitplatform.JUnitPlatformProvider.invoke(JUnitPlatformProvider.java:136)\n\tat org.apache.maven.surefire.booter.ForkedBooter.runSuitesInProcess(ForkedBooter.java:385)\n\tat org.apache.maven.surefire.booter.ForkedBooter.execute(ForkedBooter.java:162)\n\tat org.apache.maven.surefire.booter.ForkedBooter.run(ForkedBooter.java:507)\n\tat org.apache.maven.surefire.booter.ForkedBooter.main(ForkedBooter.java:495)\nCaused by: org.springframework.beans.factory.BeanCreationException: Error creating bean with name 'entityManagerFactory' defined in class path resource [org/springframework/boot/hibernate/autoconfigure/HibernateJpaConfiguration.class]: Failed to initialize dependency 'dataSourceScriptDatabaseInitializer' of LoadTimeWeaverAware bean 'entityManagerFactory': Error creating bean with name 'dataSourceScriptDatabaseInitializer' defined in class path resource [org/springframework/boot/jdbc/autoconfigure/DataSourceInitializationAutoConfiguration.class]: Unsatisfied dependency expressed through method 'dataSourceScriptDatabaseInitializer' parameter 0: Error creating bean with name 'dataSource' defined in class path resource [org/springframework/boot/jdbc/autoconfigure/DataSourceConfiguration$Hikari.class]: Unsatisfied dependency expressed through method 'dataSource' parameter 1: Error creating bean with name 'jdbcContainerConnectionDetailsForPostgresContainer': Error creating bean with name 'postgresContainer' defined in class path resource [com/sinapipro/api/TestcontainersConfiguration.class]: Could not find a valid Docker environment. Please see logs and check configuration\n\tat org.springframework.beans.factory.support.AbstractBeanFactory.doGetBean(AbstractBeanFactory.java:322)\n\tat org.springframework.beans.factory.support.AbstractBeanFactory.getBean(AbstractBeanFactory.java:201)\n\tat org.springframework.context.support.AbstractApplicationContext.finishBeanFactoryInitialization(AbstractApplicationContext.java:977)\n\tat org.springframework.context.support.AbstractApplicationContext.refresh(AbstractApplicationContext.java:621)\n\tat org.springframework.boot.web.server.servlet.context.ServletWebServerApplicationContext.refresh(ServletWebServerApplicationContext.java:143)\n\tat org.springframework.boot.SpringApplication.refresh(SpringApplication.java:756)\n\tat org.springframework.boot.SpringApplication.refreshContext(SpringApplication.java:445)\n\tat org.springframework.boot.SpringApplication.run(SpringApplication.java:321)\n\tat org.springframework.boot.test.context.SpringBootContextLoader.lambda$loadContext$2(SpringBootContextLoader.java:155)\n\tat org.springframework.util.function.ThrowingSupplier.get(ThrowingSupplier.java:58)\n\tat org.springframework.util.function.ThrowingSupplier.get(ThrowingSupplier.java:46)\n\tat org.springframework.boot.SpringApplication.withHook(SpringApplication.java:1465)\n\tat org.springframework.boot.test.context.SpringBootContextLoader$ContextLoaderHook.run(SpringBootContextLoader.java:600)\n\tat org.springframework.boot.test.context.SpringBootContextLoader.loadContext(SpringBootContextLoader.java:155)\n\tat org.springframework.boot.test.context.SpringBootContextLoader.loadContext(SpringBootContextLoader.java:114)\n\tat org.springframework.test.context.cache.DefaultCacheAwareContextLoaderDelegate.loadContextInternal(DefaultCacheAwareContextLoaderDelegate.java:247)\n\tat org.springframework.test.context.cache.DefaultCacheAwareContextLoaderDelegate.lambda$loadContext$0(DefaultCacheAwareContextLoaderDelegate.java:167)\n\t... 101 common frames omitted\nCaused by: org.springframework.beans.factory.UnsatisfiedDependencyException: Error creating bean with name 'dataSourceScriptDatabaseInitializer' defined in class path resource [org/springframework/boot/jdbc/autoconfigure/DataSourceInitializationAutoConfiguration.class]: Unsatisfied dependency expressed through method 'dataSourceScriptDatabaseInitializer' parameter 0: Error creating bean with name 'dataSource' defined in class path resource [org/springframework/boot/jdbc/autoconfigure/DataSourceConfiguration$Hikari.class]: Unsatisfied dependency expressed through method 'dataSource' parameter 1: Error creating bean with name 'jdbcContainerConnectionDetailsForPostgresContainer': Error creating bean with name 'postgresContainer' defined in class path resource [com/sinapipro/api/TestcontainersConfiguration.class]: Could not find a valid Docker environment. Please see logs and check configuration\n\tat org.springframework.beans.factory.support.ConstructorResolver.createArgumentArray(ConstructorResolver.java:804)\n\tat org.springframework.beans.factory.support.ConstructorResolver.instantiateUsingFactoryMethod(ConstructorResolver.java:546)\n\tat org.springframework.beans.factory.support.AbstractAutowireCapableBeanFactory.instantiateUsingFactoryMethod(AbstractAutowireCapableBeanFactory.java:1362)\n\tat org.springframework.beans.factory.support.AbstractAutowireCapableBeanFactory.createBeanInstance(AbstractAutowireCapableBeanFactory.java:1194)\n\tat org.springframework.beans.factory.support.AbstractAutowireCapableBeanFactory.doCreateBean(AbstractAutowireCapableBeanFactory.java:565)\n\tat org.springframework.beans.factory.support.AbstractAutowireCapableBeanFactory.createBean(AbstractAutowireCapableBeanFactory.java:525)\n\tat org.springframework.beans.factory.support.AbstractBeanFactory.lambda$doGetBean$0(AbstractBeanFactory.java:333)\n\tat org.springframework.beans.factory.support.DefaultSingletonBeanRegistry.getSingleton(DefaultSingletonBeanRegistry.java:371)\n\tat org.springframework.beans.factory.support.AbstractBeanFactory.doGetBean(AbstractBeanFactory.java:331)\n\tat org.springframework.beans.factory.support.AbstractBeanFactory.getBean(AbstractBeanFactory.java:196)\n\tat org.springframework.beans.factory.support.AbstractBeanFactory.doGetBean(AbstractBeanFactory.java:309)\n\t... 117 common frames omitted\nCaused by: org.springframework.beans.factory.UnsatisfiedDependencyException: Error creating bean with name 'dataSource' defined in class path resource [org/springframework/boot/jdbc/autoconfigure/DataSourceConfiguration$Hikari.class]: Unsatisfied dependency expressed through method 'dataSource' parameter 1: Error creating bean with name 'jdbcContainerConnectionDetailsForPostgresContainer': Error creating bean with name 'postgresContainer' defined in class path resource [com/sinapipro/api/TestcontainersConfiguration.class]: Could not find a valid Docker environment. Please see logs and check configuration\n\tat org.springframework.beans.factory.support.ConstructorResolver.createArgumentArray(ConstructorResolver.java:804)\n\tat org.springframework.beans.factory.support.ConstructorResolver.instantiateUsingFactoryMethod(ConstructorResolver.java:546)\n\tat org.springframework.beans.factory.support.AbstractAutowireCapableBeanFactory.instantiateUsingFactoryMethod(AbstractAutowireCapableBeanFactory.java:1362)\n\tat org.springframework.beans.factory.support.AbstractAutowireCapableBeanFactory.createBeanInstance(AbstractAutowireCapableBeanFactory.java:1194)\n\tat org.springframework.beans.factory.support.AbstractAutowireCapableBeanFactory.doCreateBean(AbstractAutowireCapableBeanFactory.java:565)\n\tat org.springframework.beans.factory.support.AbstractAutowireCapableBeanFactory.createBean(AbstractAutowireCapableBeanFactory.java:525)\n\tat org.springframework.beans.factory.support.AbstractBeanFactory.lambda$doGetBean$0(AbstractBeanFactory.java:333)\n\tat org.springframework.beans.factory.support.DefaultSingletonBeanRegistry.getSingleton(DefaultSingletonBeanRegistry.java:371)\n\tat org.springframework.beans.factory.support.AbstractBeanFactory.doGetBean(AbstractBeanFactory.java:331)\n\tat org.springframework.beans.factory.support.AbstractBeanFactory.getBean(AbstractBeanFactory.java:201)\n\tat org.springframework.beans.factory.support.DefaultListableBeanFactory.resolveBean(DefaultListableBeanFactory.java:1225)\n\tat org.springframework.beans.factory.support.DefaultListableBeanFactory.doResolveDependency(DefaultListableBeanFactory.java:1704)\n\tat org.springframework.beans.factory.support.DefaultListableBeanFactory.resolveDependency(DefaultListableBeanFactory.java:1651)\n\tat org.springframework.beans.factory.support.ConstructorResolver.resolveAutowiredArgument(ConstructorResolver.java:912)\n\tat org.springframework.beans.factory.support.ConstructorResolver.createArgumentArray(ConstructorResolver.java:791)\n\t... 127 common frames omitted\nCaused by: org.springframework.beans.factory.BeanCreationException: Error creating bean with name 'jdbcContainerConnectionDetailsForPostgresContainer': Error creating bean with name 'postgresContainer' defined in class path resource [com/sinapipro/api/TestcontainersConfiguration.class]: Could not find a valid Docker environment. Please see logs and check configuration\n\tat org.springframework.beans.factory.support.AbstractAutowireCapableBeanFactory.initializeBean(AbstractAutowireCapableBeanFactory.java:1817)\n\tat org.springframework.beans.factory.support.AbstractAutowireCapableBeanFactory.doCreateBean(AbstractAutowireCapableBeanFactory.java:603)\n\tat org.springframework.beans.factory.support.AbstractAutowireC
[...]
rm.engine.support.hierarchical.NodeTestTask.executeRecursively(NodeTestTask.java:163)\n\tat org.junit.platform.engine.support.hierarchical.NodeTestTask.execute(NodeTestTask.java:116)\n\tat java.base/java.util.ArrayList.forEach(ArrayList.java:1604)\n\tat org.junit.platform.engine.support.hierarchical.SameThreadHierarchicalTestExecutorService.invokeAll(SameThreadHierarchicalTestExecutorService.java:42)\n\tat org.junit.platform.engine.support.hierarchical.NodeTestTask.lambda$executeRecursively$2(NodeTestTask.java:180)\n\tat org.junit.platform.engine.support.hierarchical.ThrowableCollector.execute(ThrowableCollector.java:74)\n\tat org.junit.platform.engine.support.hierarchical.NodeTestTask.lambda$executeRecursively$1(NodeTestTask.java:166)\n\tat org.junit.platform.engine.support.hierarchical.Node.around(Node.java:138)\n\tat org.junit.platform.engine.support.hierarchical.NodeTestTask.lambda$executeRecursively$0(NodeTestTask.java:164)\n\tat org.junit.platform.engine.support.hierarchical.ThrowableCollector.execute(ThrowableCollector.java:74)\n\tat org.junit.platform.engine.support.hierarchical.NodeTestTask.executeRecursively(NodeTestTask.java:163)\n\tat org.junit.platform.engine.support.hierarchical.NodeTestTask.execute(NodeTestTask.java:116)\n\tat java.base/java.util.ArrayList.forEach(ArrayList.java:1604)\n\tat org.junit.platform.engine.support.hierarchical.SameThreadHierarchicalTestExecutorService.invokeAll(SameThreadHierarchicalTestExecutorService.java:42)\n\tat org.junit.platform.engine.support.hierarchical.NodeTestTask.lambda$executeRecursively$2(NodeTestTask.java:180)\n\tat org.junit.platform.engine.support.hierarchical.ThrowableCollector.execute(ThrowableCollector.java:74)\n\tat org.junit.platform.engine.support.hierarchical.NodeTestTask.lambda$executeRecursively$1(NodeTestTask.java:166)\n\tat org.junit.platform.engine.support.hierarchical.Node.around(Node.java:138)\n\tat org.junit.platform.engine.support.hierarchical.NodeTestTask.lambda$executeRecursively$0(NodeTestTask.java:164)\n\tat org.junit.platform.engine.support.hierarchical.ThrowableCollector.execute(ThrowableCollector.java:74)\n\tat org.junit.platform.engine.support.hierarchical.NodeTestTask.executeRecursively(NodeTestTask.java:163)\n\tat org.junit.platform.engine.support.hierarchical.NodeTestTask.execute(NodeTestTask.java:116)\n\tat org.junit.platform.engine.support.hierarchical.SameThreadHierarchicalTestExecutorService.submit(SameThreadHierarchicalTestExecutorService.java:36)\n\tat org.junit.platform.engine.support.hierarchical.HierarchicalTestExecutor.execute(HierarchicalTestExecutor.java:52)\n\tat org.junit.platform.engine.support.hierarchical.HierarchicalTestEngine.execute(HierarchicalTestEngine.java:58)\n\tat org.junit.platform.launcher.core.EngineExecutionOrchestrator.executeEngine(EngineExecutionOrchestrator.java:246)\n\tat org.junit.platform.launcher.core.EngineExecutionOrchestrator.failOrExecuteEngine(EngineExecutionOrchestrator.java:218)\n\tat org.junit.platform.launcher.core.EngineExecutionOrchestrator.execute(EngineExecutionOrchestrator.java:179)\n\tat org.junit.platform.launcher.core.EngineExecutionOrchestrator.execute(EngineExecutionOrchestrator.java:108)\n\tat org.junit.platform.launcher.core.EngineExecutionOrchestrator.lambda$execute$0(EngineExecutionOrchestrator.java:66)\n\tat org.junit.platform.launcher.core.EngineExecutionOrchestrator.withInterceptedStreams(EngineExecutionOrchestrator.java:157)\n\tat org.junit.platform.launcher.core.EngineExecutionOrchestrator.execute(EngineExecutionOrchestrator.java:65)\n\tat org.junit.platform.launcher.core.DefaultLauncher.execute(DefaultLauncher.java:125)\n\tat org.junit.platform.launcher.core.DefaultLauncher.execute(DefaultLauncher.java:114)\n\tat org.junit.platform.launcher.core.DelegatingLauncher.execute(DelegatingLauncher.java:58)\n\tat org.junit.platform.launcher.core.InterceptingLauncher.lambda$execute$2(InterceptingLauncher.java:57)\n\tat org.junit.platform.launcher.core.ClasspathAlignmentCheckingLauncherInterceptor.intercept(ClasspathAlignmentCheckingLauncherInterceptor.java:25)\n\tat org.junit.platform.launcher.core.InterceptingLauncher.execute(InterceptingLauncher.java:56)\n\tat org.junit.platform.launcher.core.DelegatingLauncher.execute(DelegatingLauncher.java:58)\n\tat java.base/jdk.internal.reflect.DirectMethodHandleAccessor.invoke(DirectMethodHandleAccessor.java:104)\n\tat java.base/java.lang.reflect.Method.invoke(Method.java:565)\n\tat org.apache.maven.surefire.api.util.ReflectionUtils.invokeMethodWithArray(ReflectionUtils.java:125)\n\tat org.apache.maven.surefire.junitplatform.LauncherAdapter.executeWithCancellationToken(LauncherAdapter.java:68)\n\tat org.apache.maven.surefire.junitplatform.LauncherAdapter.execute(LauncherAdapter.java:54)\n\tat org.apache.maven.surefire.junitplatform.JUnitPlatformProvider.execute(JUnitPlatformProvider.java:203)\n\tat org.apache.maven.surefire.junitplatform.JUnitPlatformProvider.invokeAllTests(JUnitPlatformProvider.java:168)\n\tat org.apache.maven.surefire.junitplatform.JUnitPlatformProvider.invoke(JUnitPlatformProvider.java:136)\n\tat org.apache.maven.surefire.booter.ForkedBooter.runSuitesInProcess(ForkedBooter.java:385)\n\tat org.apache.maven.surefire.booter.ForkedBooter.execute(ForkedBooter.java:162)\n\tat org.apache.maven.surefire.booter.ForkedBooter.run(ForkedBooter.java:507)\n\tat org.apache.maven.surefire.booter.ForkedBooter.main(ForkedBooter.java:495)\n"},"tags":["COMMONS-LOGGING"],"ecs":{"version":"8.11"}}
{"@timestamp":"2026-05-08T22:54:23.042437683Z","log":{"level":"WARN","logger":"org.springframework.test.context.TestContextManager"},"process":{"pid":72942,"thread":{"name":"main"}},"service":{"name":"sinapipro-api","node":{}},"message":"Caught exception while allowing TestExecutionListener [org.springframework.test.context.support.DependencyInjectionTestExecutionListener] to prepare test instance [com.sinapipro.api.budget.BudgetControllerIntegrationTest$GetBudgetById@35e9d5c1]","error":{"type":"java.lang.IllegalStateException","message":"ApplicationContext failure threshold (1) exceeded: skipping repeated attempt to load context for [WebMergedContextConfiguration@2eadfbf6 testClass = com.sinapipro.api.budget.BudgetControllerIntegrationTest.GetBudgetById, locations = [], classes = [com.sinapipro.api.SinapiProApiApplication], contextInitializerClasses = [], activeProfiles = [\"test\"], propertySourceDescriptors = [], propertySourceProperties = [\"org.springframework.boot.test.context.SpringBootTestContextBootstrapper=true\", \"server.port=0\"], contextCustomizers = [org.springframework.boot.web.server.context.SpringBootTestRandomPortContextCustomizer@5776a9f8, org.springframework.boot.testcontainers.service.connection.ServiceConnectionContextCustomizer@0, org.springframework.test.context.support.DynamicPropertiesContextCustomizer@0, [ImportsContextCustomizer@787bd653 key = [com.sinapipro.api.TestcontainersConfiguration]], org.springframework.boot.test.context.PropertyMappingContextCustomizer@0, org.springframework.boot.test.context.filter.ExcludeFilterContextCustomizer@4bd39edc, org.springframework.boot.test.http.client.DisableReactorResourceFactoryGlobalResourcesContextCustomizerFactory$DisableReactorResourceFactoryGlobalResourcesContextCustomizerCustomizer@7b6b8cea, org.springframework.boot.test.json.DuplicateJsonObjectContextCustomizerFactory$DuplicateJsonObjectContextCustomizer@4a7427f9, org.springframework.boot.test.autoconfigure.OnFailureConditionReportContextCustomizerFactory$OnFailureConditionReportContextCustomizer@2d26c6a2, org.springframework.boot.test.context.SpringBootTestAnnotation@65425fe8], resourceBasePath = \"src/main/webapp\", contextLoader = org.springframework.boot.test.context.SpringBootContextLoader, parent = null]","stack_trace":"java.lang.IllegalStateException: ApplicationContext failure threshold (1) exceeded: skipping repeated attempt to load context for [WebMergedContextConfiguration@2eadfbf6 testClass = com.sinapipro.api.budget.BudgetControllerIntegrationTest.GetBudgetById, locations = [], classes = [com.sinapipro.api.SinapiProApiApplication], contextInitializerClasses = [], activeProfiles = [\"test\"], propertySourceDescriptors = [], propertySourceProperties = [\"org.springframework.boot.test.context.SpringBootTestContextBootstrapper=true\", \"server.port=0\"], contextCustomizers = [org.springframework.boot.web.server.context.SpringBootTestRandomPortContextCustomizer@5776a9f8, org.springframework.boot.testcontainers.service.connection.ServiceConnectionContextCustomizer@0, org.springframework.test.context.support.DynamicPropertiesContextCustomizer@0, [ImportsContextCustomizer@787bd653 key = [com.sinapipro.api.TestcontainersConfiguration]], org.springframework.boot.test.context.PropertyMappingContextCustomizer@0, org.springframework.boot.test.context.filter.ExcludeFilterContextCustomizer@4bd39edc, org.springframework.boot.test.http.client.DisableReactorResourceFactoryGlobalResourcesContextCustomizerFactory$DisableReactorResourceFactoryGlobalResourcesContextCustomizerCustomizer@7b6b8cea, org.springframework.boot.test.json.DuplicateJsonObjectContextCustomizerFactory$DuplicateJsonObjectContextCustomizer@4a7427f9, org.springframework.boot.test.autoconfigure.OnFailureConditionReportContextCustomizerFactory$OnFailureConditionReportContextCustomizer@2d26c6a2, org.springframework.boot.test.context.SpringBootTestAnnotation@65425fe8], resourceBasePath = \"src/main/webapp\", contextLoader = org.springframework.boot.test.context.SpringBootContextLoader, parent = null]\n\tat org.springframework.test.context.cache.DefaultCacheAwareContextLoaderDelegate.loadContext(DefaultCacheAwareContextLoaderDelegate.java:157)\n\tat org.springframework.test.context.support.DefaultTestContext.getApplicationContext(DefaultTestContext.java:128)\n\tat org.springframework.test.context.support.DependencyInjectionTestExecutionListener.injectDependencies(DependencyInjectionTestExecutionListener.java:156)\n\tat org.springframework.test.context.support.DependencyInjectionTestExecutionListener.prepareTestInstance(DependencyInjectionTestExecutionListener.java:111)\n\tat org.springframework.test.context.TestContextManager.prepareTestInstance(TestContextManager.java:260)\n\tat org.springframework.test.context.junit.jupiter.SpringExtension.postProcessTestInstance(SpringExtension.java:210)\n\tat org.junit.jupiter.engine.descriptor.ClassBasedTestDescriptor.lambda$invokeTestInstancePostProcessors$1(ClassBasedTestDescriptor.java:423)\n\tat org.junit.jupiter.engine.descriptor.ClassBasedTestDescriptor.executeAndMaskThrowable(ClassBasedTestDescriptor.java:428)\n\tat org.junit.jupiter.engine.descriptor.ClassBasedTestDescriptor.lambda$invokeTestInstancePostProcessors$0(ClassBasedTestDescriptor.java:422)\n\tat java.base/java.util.stream.ForEachOps$ForEachOp$OfRef.accept(ForEachOps.java:186)\n\tat java.base/java.util.stream.ReferencePipeline$3$1.accept(ReferencePipeline.java:214)\n\tat java.base/java.util.stream.ReferencePipeline$2$1.accept(ReferencePipeline.java:197)\n\tat java.base/java.util.stream.ReferencePipeline$3$1.accept(ReferencePipeline.java:214)\n\tat java.base/java.util.ArrayList$ArrayListSpliterator.forEachRemaining(ArrayList.java:1716)\n\tat java.base/java.util.stream.AbstractPipeline.copyInto(AbstractPipeline.java:570)\n\tat java.base/java.util.stream.AbstractPipeline.wrapAndCopyInto(AbstractPipeline.java:560)\n\tat java.base/java.util.stream.ForEachOps$ForEachOp.evaluateSequential(ForEachOps.java:153)\n\tat java.base/java.util.stream.ForEachOps$ForEachOp$OfRef.evaluateSequential(ForEachOps.java:176)\n\tat java.base/java.util.stream.AbstractPipeline.evaluate(AbstractPipeline.java:265)\n\tat java.base/java.util.stream.ReferencePipeline.forEach(ReferencePipeline.java:632)\n\tat org.junit.jupiter.engine.descriptor.ClassBasedTestDescriptor.invokeTestInstancePostProcessors(ClassBasedTestDescriptor.java:422)\n\tat org.junit.jupiter.engine.descriptor.ClassBasedTestDescriptor.lambda$instantiateAndPostProcessTestInstance$0(ClassBasedTestDescriptor.java:334)\n\tat org.junit.platform.engine.support.hierarchical.ThrowableCollector.execute(ThrowableCollector.java:74)\n\tat org.junit.jupiter.engine.descriptor.ClassBasedTestDescriptor.instantiateAndPostProcessTestInstance(ClassBasedTestDescriptor.java:333)\n\tat org.junit.jupiter.engine.descriptor.ClassBasedTestDescriptor.lambda$testInstancesProvider$1(ClassBasedTestDescriptor.java:322)\n\tat java.base/java.util.Optional.orElseGet(Optional.java:364)\n\tat org.junit.jupiter.engine.descriptor.ClassBasedTestDescriptor.lambda$testInstancesProvider$0(ClassBasedTestDescriptor.java:321)\n\tat org.junit.jupiter.engine.execution.TestInstancesProvider.getTestInstances(TestInstancesProvider.java:27)\n\tat org.junit.jupiter.engine.descriptor.TestMethodTestDescriptor.lambda$prepare$0(TestMethodTestDescriptor.java:127)\n\tat org.junit.platform.engine.support.hierarchical.ThrowableCollector.execute(ThrowableCollector.java:74)\n\tat org.junit.jupiter.engine.descriptor.TestMethodTestDescriptor.prepare(TestMethodTestDescriptor.java:126)\n\tat org.junit.jupiter.engine.descriptor.TestMethodTestDescriptor.prepare(TestMethodTestDescriptor.java:70)\n\tat org.junit.platform.engine.support.hierarchical.NodeTestTask.lambda$prepare$0(NodeTestTask.java:144)\n\tat org.junit.platform.engine.support.hierarchical.ThrowableCollector.execute(ThrowableCollector.java:74)\n\tat org.junit.platform.engine.support.hierarchical.NodeTestTask.prepare(NodeTestTask.java:144)\n\tat org.junit.platform.engine.support.hierarchical.NodeTestTask.execute(NodeTestTask.java:110)\n\tat java.base/java.util.ArrayList.forEach(ArrayList.java:1604)\n\tat org.junit.platform.engine.support.hierarchical.SameThreadHierarchicalTestExecutorService.invokeAll(SameThreadHierarchicalTestExecutorService.java:42)\n\tat org.junit.platform.engine.support.hierarchical.NodeTestTask.lambda$executeRecursively$2(NodeTestTask.java:180)\n\tat org.junit.platform.engine.support.hierarchical.ThrowableCollector.execute(ThrowableCollector.java:74)\n\tat org.junit.platform.engine.support.hierarchical.NodeTestTask.lambda$executeRecursively$1(NodeTestTask.java:166)\n\tat org.junit.platform.engine.support.hierarchical.Node.around(Node.java:138)\n\tat org.junit.platform.engine.support.hierarchical.NodeTestTask.lambda$executeRecursively$0(NodeTestTask.java:164)\n\tat org.junit.platform.engine.support.hierarchical.ThrowableCollector.execute(ThrowableCollector.java:74)\n\tat org.junit.platform.engine.support.hierarchical.NodeTestTask.executeRecursively(NodeTestTask.java:163)\n\tat org.junit.platform.engine.support.hierarchical.NodeTestTask.execute(NodeTestTask.java:116)\n\tat java.base/java.util.ArrayList.forEach(ArrayList.java:1604)\n\tat org.junit.platform.engine.support.hierarchical.SameThreadHierarchicalTestExecutorService.invokeAll(SameThreadHierarchicalTestExecutorService.java:42)\n\tat org.junit.platform.engine.support.hierarchical.NodeTestTask.lambda$executeRecursively$2(NodeTestTask.java:180)\n\tat org.junit.platform.engine.support.hierarchical.ThrowableCollector.execute(ThrowableCollector.java:74)\n\tat org.junit.platform.engine.support.hierarchical.NodeTestTask.lambda$executeRecursively$1(NodeTestTask.java:166)\n\tat org.junit.platform.engine.support.hierarchical.Node.around(Node.java:138)\n\tat org.junit.platform.engine.support.hierarchical.NodeTestTask.lambda$executeRecursively$0(NodeTestTask.java:164)\n\tat org.junit.platform.engine.support.hierarchical.ThrowableCollector.execute(ThrowableCollector.java:74)\n\tat org.junit.platform.engine.support.hierarchical.NodeTestTask.executeRecursively(NodeTestTask.java:163)\n\tat org.junit.platform.engine.support.hierarchical.NodeTestTask.execute(NodeTestTask.java:116)\n\tat java.base/java.util.ArrayList.forEach(ArrayList.java:1604)\n\tat org.junit.platform.engine.support.hierarchical.SameThreadHierarchicalTestExecutorService.invokeAll(SameThreadHierarchicalTestExecutorService.java:42)\n\tat org.junit.platform.engine.support.hierarchical.NodeTestTask.lambda$executeRecursively$2(NodeTestTask.java:180)\n\tat org.junit.platform.engine.support.hierarchical.ThrowableCollector.execute(ThrowableCollector.java:74)\n\tat org.junit.platform.engine.support.hierarchical.NodeTestTask.lambda$executeRecursively$1(NodeTestTask.java:166)\n\tat org.junit.platform.engine.support.hierarchical.Node.around(Node.java:138)\n\tat org.junit.platform.engine.support.hierarchical.NodeTestTask.lambda$executeRecursively$0(NodeTestTask.java:164)\n\tat org.junit.platform.engine.support.hierarchical.ThrowableCollector.execute(ThrowableCollector.java:74)\n\tat org.junit.platform.engine.support.hierarchical.NodeTestTask.executeRecursively(NodeTestTask.java:163)\n\tat org.junit.platform.engine.support.hierarchical.NodeTestTask.execute(NodeTestTask.java:116)\n\tat org.junit.platform.engine.support.hierarchical.SameThreadHierarchicalTestExecutorService.submit(SameThreadHierarchicalTestExecutorService.java:36)\n\tat org.junit.platform.engine.support.hierarchical.HierarchicalTestExecutor.execute(HierarchicalTestExecutor.java:52)\n\tat org.junit.platform.engine.support.hierarchical.HierarchicalTestEngine.execute(HierarchicalTestEngine.java:58)\n\tat org.junit.platform.launcher.core.EngineExecutionOrchestrator.executeEngine(EngineExecutionOrchestrator.java:246)\n\tat org.junit.platform.launcher.core.EngineExecutionOrchestrator.failOrExecuteEngine(EngineExecutionOrchestrator.java:218)\n\tat org.junit.platform.launcher.core.EngineExecutionOrchestrator.execute(EngineExecutionOrchestrator.java:179)\n\tat org.junit.platform.launcher.core.EngineExecutionOrchestrator.execute(EngineExecutionOrchestrator.java:108)\n\tat org.junit.platform.launcher.core.EngineExecutionOrchestrator.lambda$execute$0(EngineExecutionOrchestrator.java:66)\n\tat org.junit.platform.launcher.core.EngineExecutionOrchestrator.withInterceptedStreams(EngineExecutionOrchestrator.java:157)\n\tat org.junit.platform.launcher.core.EngineExecutionOrchestrator.execute(EngineExecutionOrchestrator.java:65)\n\tat org.junit.platform.launcher.core.DefaultLauncher.execute(DefaultLauncher.java:125)\n\tat org.junit.platform.launcher.core.DefaultLauncher.execute(DefaultLauncher.java:114)\n\tat org.junit.platform.launcher.core.DelegatingLauncher.execute(DelegatingLauncher.java:58)\n\tat org.junit.platform.launcher.core.InterceptingLauncher.lambda$execute$2(InterceptingLauncher.java:57)\n\tat org.junit.platform.launcher.core.ClasspathAlignmentCheckingLauncherInterceptor.intercept(ClasspathAlignmentCheckingLauncherInterceptor.java:25)\n\tat org.junit.platform.launcher.core.InterceptingLauncher.execute(InterceptingLauncher.java:56)\n\tat org.junit.platform.launcher.core.DelegatingLauncher.execute(DelegatingLauncher.java:58)\n\tat java.base/jdk.internal.reflect.DirectMethodHandleAccessor.invoke(DirectMethodHandleAccessor.java:104)\n\tat java.base/java.lang.reflect.Method.invoke(Method.java:565)\n\tat org.apache.maven.surefire.api.util.ReflectionUtils.invokeMethodWithArray(ReflectionUtils.java:125)\n\tat org.apache.maven.surefire.junitplatform.LauncherAdapter.executeWithCancellationToken(LauncherAdapter.java:68)\n\tat org.apache.maven.surefire.junitplatform.LauncherAdapter.execute(LauncherAdapter.java:54)\n\tat org.apache.maven.surefire.junitplatform.JUnitPlatformProvider.execute(JUnitPlatformProvider.java:203)\n\tat org.apache.maven.surefire.junitplatform.JUnitPlatformProvider.invokeAllTests(JUnitPlatformProvider.java:168)\n\tat org.apache.maven.surefire.junitplatform.JUnitPlatformProvider.invoke(JUnitPlatformProvider.java:136)\n\tat org.apache.maven.surefire.booter.ForkedBooter.runSuitesInProcess(ForkedBooter.java:385)\n\tat org.apache.maven.surefire.booter.ForkedBooter.execute(ForkedBooter.java:162)\n\tat org.apache.maven.surefire.booter.ForkedBooter.run(ForkedBooter.java:507)\n\tat org.apache.maven.surefire.booter.ForkedBooter.main(ForkedBooter.java:495)\n"},"tags":["COMMONS-LOGGING"],"ecs":{"version":"8.11"}}
]]></system-out>
  </testcase>
</testsuite>